2024-09-23T03:21:40.235Z [2] Input URL: https://github.com/cloudinary/cloudinary_npm
2024-09-23T03:21:40.237Z [2] URL Location: Run
2024-09-23T03:21:40.238Z [1] Analyzing repository: cloudinary/cloudinary_npm
2024-09-23T03:21:40.473Z [2] Responsiveness - Rate Limit: 5000
2024-09-23T03:21:40.474Z [2] Responsiveness - Cost: 1
2024-09-23T03:21:40.475Z [2] Responsiveness - Remaining: 4501
2024-09-23T03:21:40.475Z [2] Responsiveness - Reset At: 2024-09-23T03:38:57Z
2024-09-23T03:21:40.476Z [1] Responsiveness - Most recent commit: 8 days ago
2024-09-23T03:21:40.477Z [1] Responsiveness - Avg commit period: 9 days
2024-09-23T03:21:40.478Z [2] Responsiveness - Recency scaled: 1
2024-09-23T03:21:40.478Z [2] Responsiveness - Frequency scaled: 1
2024-09-23T03:21:40.479Z [1] Responsiveness: 1 (Latency: 0.241s)
2024-09-23T03:21:40.874Z [2] RampUpTime - Rate Limit: 5000
2024-09-23T03:21:40.875Z [2] RampUpTime - Cost: 1
2024-09-23T03:21:40.876Z [2] RampUpTime - Remaining: 4500
2024-09-23T03:21:40.876Z [2] RampUpTime - Reset At: 2024-09-23T03:38:57Z
2024-09-23T03:21:40.877Z [1] RampUpTime - Files: 92
2024-09-23T03:21:40.878Z [1] RampUpTime - Average file size: 447KB
2024-09-23T03:21:40.878Z [2] RampUpTime - Files scaled (0-1): 0.7050847457627119
2024-09-23T03:21:40.879Z [2] RampUpTime - Average file size scaled (0-1): 0.5588048967940272
2024-09-23T03:21:40.880Z [1] RampUpTime: 0.632 (Latency: 0.4s)
2024-09-23T03:21:41.112Z [2] BusFactor - Rate Limit: 5000
2024-09-23T03:21:41.113Z [2] BusFactor - Cost: 1
2024-09-23T03:21:41.114Z [2] BusFactor - Remaining: 4499
2024-09-23T03:21:41.114Z [2] BusFactor - Reset At: 2024-09-23T03:38:57Z
2024-09-23T03:21:41.115Z [1] BusFactor - Authors: 3
2024-09-23T03:21:41.116Z [1] BusFactor: 0.5 (Latency: 0.236s)
2024-09-23T03:21:44.438Z [1] License - Reading license from README.md
2024-09-23T03:21:44.440Z [2] License - Extracting license from README.md
2024-09-23T03:21:44.440Z [1] License: 0 (Latency: 0.002s)
2024-09-23T03:21:44.501Z [2] Correctness - First commit: 2024-09-15T12:12:21.000Z
2024-09-23T03:21:44.501Z [2] Correctness -Last commit: 2024-09-15T12:12:21.000Z
2024-09-23T03:21:44.502Z [2] Correctness - Repository age: 1 days
2024-09-23T03:21:44.503Z [2] Correctness - Commits per day: 1
2024-09-23T03:21:44.503Z [1] Correctness: 0.2 (Latency: 0.062s)
2024-09-23T03:21:44.695Z [1] RampUpTime Weight: 0.15
2024-09-23T03:21:44.696Z [1] Correctness Weight: 0.2
2024-09-23T03:21:44.696Z [1] BusFactor Weight: 0.3
2024-09-23T03:21:44.697Z [1] Responsiveness Weight: 0.15
2024-09-23T03:21:44.698Z [1] License Weight: 0.2
2024-09-23T03:21:44.698Z [1] NetScore: 0.435 (Latency: 4.46s)
2024-09-23T03:41:55.863Z [2] Input URL: https://github.com/cloudinary/cloudinary_npm
2024-09-23T03:41:55.864Z [2] URL Location: Run
2024-09-23T03:41:55.865Z [1] Analyzing repository: cloudinary/cloudinary_npm
2024-09-23T03:41:56.180Z [2] Responsiveness - Rate Limit: 5000
2024-09-23T03:41:56.181Z [2] Responsiveness - Cost: 1
2024-09-23T03:41:56.182Z [2] Responsiveness - Remaining: 4920
2024-09-23T03:41:56.183Z [2] Responsiveness - Reset At: 2024-09-23T04:38:58Z
2024-09-23T03:41:56.184Z [1] Responsiveness - Most recent commit: 8 days ago
2024-09-23T03:41:56.184Z [1] Responsiveness - Avg commit period: 9 days
2024-09-23T03:41:56.185Z [2] Responsiveness - Recency scaled: 1
2024-09-23T03:41:56.186Z [2] Responsiveness - Frequency scaled: 1
2024-09-23T03:41:56.186Z [1] Responsiveness: 1 (Latency: 0.32s)
2024-09-23T03:41:56.520Z [2] RampUpTime - Rate Limit: 5000
2024-09-23T03:41:56.521Z [2] RampUpTime - Cost: 1
2024-09-23T03:41:56.521Z [2] RampUpTime - Remaining: 4919
2024-09-23T03:41:56.522Z [2] RampUpTime - Reset At: 2024-09-23T04:38:58Z
2024-09-23T03:41:56.523Z [1] RampUpTime - Files: 92
2024-09-23T03:41:56.523Z [1] RampUpTime - Average file size: 447KB
2024-09-23T03:41:56.524Z [2] RampUpTime - Files scaled (0-1): 0.7050847457627119
2024-09-23T03:41:56.525Z [2] RampUpTime - Average file size scaled (0-1): 0.5588048967940272
2024-09-23T03:41:56.525Z [1] RampUpTime: 0.632 (Latency: 0.338s)
2024-09-23T03:41:56.799Z [2] BusFactor - Rate Limit: 5000
2024-09-23T03:41:56.800Z [2] BusFactor - Cost: 1
2024-09-23T03:41:56.801Z [2] BusFactor - Remaining: 4918
2024-09-23T03:41:56.801Z [2] BusFactor - Reset At: 2024-09-23T04:38:58Z
2024-09-23T03:41:56.802Z [1] BusFactor - Authors: 3
2024-09-23T03:41:56.803Z [1] BusFactor: 0.5 (Latency: 0.277s)
2024-09-23T03:42:00.386Z [1] License - Reading license from README.md
2024-09-23T03:42:00.387Z [2] License - Extracting license from README.md
2024-09-23T03:42:00.388Z [1] License: 0 (Latency: 0.003s)
2024-09-23T03:42:00.460Z [2] Correctness - First commit: 2024-09-15T12:12:21.000Z
2024-09-23T03:42:00.460Z [2] Correctness -Last commit: 2024-09-15T12:12:21.000Z
2024-09-23T03:42:00.461Z [2] Correctness - Repository age: 1 days
2024-09-23T03:42:00.462Z [2] Correctness - Commits per day: 1
2024-09-23T03:42:00.463Z [1] Correctness: 0.2 (Latency: 0.075s)
2024-09-23T03:42:00.584Z [1] RampUpTime Weight: 0.15
2024-09-23T03:42:00.584Z [1] Correctness Weight: 0.2
2024-09-23T03:42:00.585Z [1] BusFactor Weight: 0.3
2024-09-23T03:42:00.586Z [1] Responsiveness Weight: 0.15
2024-09-23T03:42:00.586Z [1] License Weight: 0.2
2024-09-23T03:42:00.587Z [1] NetScore: 0.435 (Latency: 4.721s)
2024-09-23T03:42:00.825Z [2] Input URL: https://www.npmjs.com/package/express
2024-09-23T03:42:00.826Z [2] URL Location: npm
2024-09-23T03:42:00.827Z [2] parseNpmLink return: express
2024-09-23T03:42:00.921Z [2] getGitHubFromNpmAxios return: https://github.com/expressjs/express.git
2024-09-23T03:42:00.922Z [1] Analyzing repository: expressjs/express
2024-09-23T03:42:01.143Z [2] Responsiveness - Rate Limit: 5000
2024-09-23T03:42:01.144Z [2] Responsiveness - Cost: 1
2024-09-23T03:42:01.145Z [2] Responsiveness - Remaining: 4917
2024-09-23T03:42:01.145Z [2] Responsiveness - Reset At: 2024-09-23T04:38:58Z
2024-09-23T03:42:01.146Z [1] Responsiveness - Most recent commit: 13 days ago
2024-09-23T03:42:01.147Z [1] Responsiveness - Avg commit period: 1 days
2024-09-23T03:42:01.148Z [2] Responsiveness - Recency scaled: 1
2024-09-23T03:42:01.148Z [2] Responsiveness - Frequency scaled: 1
2024-09-23T03:42:01.149Z [1] Responsiveness: 1 (Latency: 0.226s)
2024-09-23T03:42:01.621Z [2] RampUpTime - Rate Limit: 5000
2024-09-23T03:42:01.621Z [2] RampUpTime - Cost: 1
2024-09-23T03:42:01.622Z [2] RampUpTime - Remaining: 4916
2024-09-23T03:42:01.623Z [2] RampUpTime - Reset At: 2024-09-23T04:38:58Z
2024-09-23T03:42:01.624Z [1] RampUpTime - Files: 169
2024-09-23T03:42:01.624Z [1] RampUpTime - Average file size: 4KB
2024-09-23T03:42:01.625Z [2] RampUpTime - Files scaled (0-1): 0.4440677966101695
2024-09-23T03:42:01.626Z [2] RampUpTime - Average file size scaled (0-1): 1
2024-09-23T03:42:01.626Z [1] RampUpTime: 0.722 (Latency: 0.476s)
2024-09-23T03:42:01.923Z [2] BusFactor - Rate Limit: 5000
2024-09-23T03:42:01.924Z [2] BusFactor - Cost: 1
2024-09-23T03:42:01.925Z [2] BusFactor - Remaining: 4915
2024-09-23T03:42:01.925Z [2] BusFactor - Reset At: 2024-09-23T04:38:58Z
2024-09-23T03:42:01.926Z [1] BusFactor - Authors: 10
2024-09-23T03:42:01.927Z [1] BusFactor: 1 (Latency: 0.3s)
2024-09-23T03:42:03.612Z [1] License - Reading license from LICENSE file
2024-09-23T03:42:03.614Z [2] License - License is compatible with LGPLv2.1
2024-09-23T03:42:03.614Z [1] License: 1 (Latency: 0.002s)
2024-09-23T03:42:03.618Z [2] Correctness - First commit: 2024-09-10T04:35:36.000Z
2024-09-23T03:42:03.619Z [2] Correctness -Last commit: 2024-09-10T04:35:36.000Z
2024-09-23T03:42:03.620Z [2] Correctness - Repository age: 1 days
2024-09-23T03:42:03.620Z [2] Correctness - Commits per day: 1
2024-09-23T03:42:03.621Z [1] Correctness: 0.2 (Latency: 0.006s)
2024-09-23T03:42:03.745Z [1] RampUpTime Weight: 0.15
2024-09-23T03:42:03.746Z [1] Correctness Weight: 0.2
2024-09-23T03:42:03.746Z [1] BusFactor Weight: 0.3
2024-09-23T03:42:03.747Z [1] Responsiveness Weight: 0.15
2024-09-23T03:42:03.748Z [1] License Weight: 0.2
2024-09-23T03:42:03.748Z [1] NetScore: 0.798 (Latency: 2.825s)
2024-09-23T03:42:03.920Z [2] Input URL: https://github.com/nullivex/nodist
2024-09-23T03:42:03.921Z [2] URL Location: Run
2024-09-23T03:42:03.922Z [1] Analyzing repository: nullivex/nodist
2024-09-23T03:42:04.165Z [2] Responsiveness - Rate Limit: 5000
2024-09-23T03:42:04.166Z [2] Responsiveness - Cost: 1
2024-09-23T03:42:04.166Z [2] Responsiveness - Remaining: 4914
2024-09-23T03:42:04.167Z [2] Responsiveness - Reset At: 2024-09-23T04:38:58Z
2024-09-23T03:42:04.168Z [1] Responsiveness - Most recent commit: 289 days ago
2024-09-23T03:42:04.169Z [1] Responsiveness - Avg commit period: 30 days
2024-09-23T03:42:04.169Z [2] Responsiveness - Recency scaled: 0.7456059204440333
2024-09-23T03:42:04.170Z [2] Responsiveness - Frequency scaled: 0.8230190861769809
2024-09-23T03:42:04.171Z [1] Responsiveness: 0.792 (Latency: 0.248s)
2024-09-23T03:42:04.478Z [2] RampUpTime - Rate Limit: 5000
2024-09-23T03:42:04.479Z [2] RampUpTime - Cost: 1
2024-09-23T03:42:04.480Z [2] RampUpTime - Remaining: 4913
2024-09-23T03:42:04.480Z [2] RampUpTime - Reset At: 2024-09-23T04:38:58Z
2024-09-23T03:42:04.481Z [1] RampUpTime - Files: 40
2024-09-23T03:42:04.482Z [1] RampUpTime - Average file size: 5KB
2024-09-23T03:42:04.482Z [2] RampUpTime - Files scaled (0-1): 0.8813559322033898
2024-09-23T03:42:04.483Z [2] RampUpTime - Average file size scaled (0-1): 1
2024-09-23T03:42:04.483Z [1] RampUpTime: 0.941 (Latency: 0.312s)
2024-09-23T03:42:04.730Z [2] BusFactor - Rate Limit: 5000
2024-09-23T03:42:04.731Z [2] BusFactor - Cost: 1
2024-09-23T03:42:04.731Z [2] BusFactor - Remaining: 4912
2024-09-23T03:42:04.732Z [2] BusFactor - Reset At: 2024-09-23T04:38:58Z
2024-09-23T03:42:04.733Z [1] BusFactor - Authors: 11
2024-09-23T03:42:04.733Z [1] BusFactor: 1 (Latency: 0.249s)
2024-09-23T03:42:05.271Z [1] License - Reading license from README.md
2024-09-23T03:42:05.273Z [2] License - Extracting license from README.md
2024-09-23T03:42:05.273Z [1] License: 0 (Latency: 0.002s)
2024-09-23T03:42:05.277Z [2] Correctness - First commit: 2023-12-09T10:33:14.000Z
2024-09-23T03:42:05.277Z [2] Correctness -Last commit: 2023-12-09T10:33:14.000Z
2024-09-23T03:42:05.278Z [2] Correctness - Repository age: 1 days
2024-09-23T03:42:05.279Z [2] Correctness - Commits per day: 1
2024-09-23T03:42:05.279Z [1] Correctness: 0.2 (Latency: 0.005s)
2024-09-23T03:42:05.312Z [1] RampUpTime Weight: 0.15
2024-09-23T03:42:05.313Z [1] Correctness Weight: 0.2
2024-09-23T03:42:05.313Z [1] BusFactor Weight: 0.3
2024-09-23T03:42:05.314Z [1] Responsiveness Weight: 0.15
2024-09-23T03:42:05.315Z [1] License Weight: 0.2
2024-09-23T03:42:05.315Z [1] NetScore: 0.6 (Latency: 1.392s)
2024-09-23T03:42:05.491Z [2] Input URL: https://github.com/lodash/lodash
2024-09-23T03:42:05.492Z [2] URL Location: Run
2024-09-23T03:42:05.493Z [1] Analyzing repository: lodash/lodash
2024-09-23T03:42:05.756Z [2] Responsiveness - Rate Limit: 5000
2024-09-23T03:42:05.757Z [2] Responsiveness - Cost: 1
2024-09-23T03:42:05.758Z [2] Responsiveness - Remaining: 4911
2024-09-23T03:42:05.758Z [2] Responsiveness - Reset At: 2024-09-23T04:38:58Z
2024-09-23T03:42:05.759Z [1] Responsiveness - Most recent commit: 75 days ago
2024-09-23T03:42:05.760Z [1] Responsiveness - Avg commit period: 80 days
2024-09-23T03:42:05.761Z [2] Responsiveness - Recency scaled: 0.9435707678075855
2024-09-23T03:42:05.761Z [2] Responsiveness - Frequency scaled: 0.27125506072874495
2024-09-23T03:42:05.762Z [1] Responsiveness: 0.54 (Latency: 0.268s)
2024-09-23T03:42:06.935Z [2] RampUpTime - Rate Limit: 5000
2024-09-23T03:42:06.936Z [2] RampUpTime - Cost: 1
2024-09-23T03:42:06.937Z [2] RampUpTime - Remaining: 4910
2024-09-23T03:42:06.937Z [2] RampUpTime - Reset At: 2024-09-23T04:38:58Z
2024-09-23T03:42:06.938Z [1] RampUpTime - Files: 709
2024-09-23T03:42:06.939Z [1] RampUpTime - Average file size: 2KB
2024-09-23T03:42:06.939Z [2] RampUpTime - Files scaled (0-1): 0
2024-09-23T03:42:06.940Z [2] RampUpTime - Average file size scaled (0-1): 1
2024-09-23T03:42:06.941Z [1] RampUpTime: 0.5 (Latency: 1.178s)
2024-09-23T03:42:07.364Z [2] BusFactor - Rate Limit: 5000
2024-09-23T03:42:07.364Z [2] BusFactor - Cost: 1
2024-09-23T03:42:07.365Z [2] BusFactor - Remaining: 4909
2024-09-23T03:42:07.366Z [2] BusFactor - Reset At: 2024-09-23T04:38:58Z
2024-09-23T03:42:07.367Z [1] BusFactor - Authors: 23
2024-09-23T03:42:07.367Z [1] BusFactor: 1 (Latency: 0.426s)
2024-09-23T03:42:13.855Z [1] License - Reading license from LICENSE file
2024-09-23T03:42:13.856Z [2] License - License is compatible with LGPLv2.1
2024-09-23T03:42:13.857Z [1] License: 1 (Latency: 0.002s)
2024-09-23T03:42:13.862Z [2] Correctness - First commit: 2024-07-10T20:56:03.000Z
2024-09-23T03:42:13.862Z [2] Correctness -Last commit: 2024-07-10T20:56:03.000Z
2024-09-23T03:42:13.863Z [2] Correctness - Repository age: 1 days
2024-09-23T03:42:13.864Z [2] Correctness - Commits per day: 1
2024-09-23T03:42:13.864Z [1] Correctness: 0.2 (Latency: 0.007s)
2024-09-23T03:42:14.060Z [1] RampUpTime Weight: 0.15
2024-09-23T03:42:14.061Z [1] Correctness Weight: 0.2
2024-09-23T03:42:14.061Z [1] BusFactor Weight: 0.3
2024-09-23T03:42:14.062Z [1] Responsiveness Weight: 0.15
2024-09-23T03:42:14.063Z [1] License Weight: 0.2
2024-09-23T03:42:14.064Z [1] NetScore: 0.696 (Latency: 8.57s)
2024-09-23T03:42:14.249Z [2] Input URL: https://www.npmjs.com/package/browserify
2024-09-23T03:42:14.250Z [2] URL Location: npm
2024-09-23T03:42:14.250Z [2] parseNpmLink return: browserify
2024-09-23T03:42:14.343Z [2] getGitHubFromNpmAxios return: ssh://git@github.com/browserify/browserify.git
2024-09-23T03:42:14.344Z [1] Analyzing repository: browserify/browserify
2024-09-23T03:42:14.545Z [2] Responsiveness - Rate Limit: 5000
2024-09-23T03:42:14.546Z [2] Responsiveness - Cost: 1
2024-09-23T03:42:14.547Z [2] Responsiveness - Remaining: 4908
2024-09-23T03:42:14.548Z [2] Responsiveness - Reset At: 2024-09-23T04:38:58Z
2024-09-23T03:42:14.548Z [1] Responsiveness - Most recent commit: 338 days ago
2024-09-23T03:42:14.549Z [1] Responsiveness - Avg commit period: 68 days
2024-09-23T03:42:14.550Z [2] Responsiveness - Recency scaled: 0.700277520814061
2024-09-23T03:42:14.550Z [2] Responsiveness - Frequency scaled: 0.40370156159629855
2024-09-23T03:42:14.551Z [1] Responsiveness: 0.522 (Latency: 0.206s)
2024-09-23T03:42:15.825Z [2] RampUpTime - Rate Limit: 5000
2024-09-23T03:42:15.827Z [2] RampUpTime - Cost: 1
2024-09-23T03:42:15.828Z [2] RampUpTime - Remaining: 4907
2024-09-23T03:42:15.830Z [2] RampUpTime - Reset At: 2024-09-23T04:38:58Z
2024-09-23T03:42:15.832Z [1] RampUpTime - Files: 333
2024-09-23T03:42:15.833Z [1] RampUpTime - Average file size: 1KB
2024-09-23T03:42:15.835Z [2] RampUpTime - Files scaled (0-1): 0
2024-09-23T03:42:15.837Z [2] RampUpTime - Average file size scaled (0-1): 1
2024-09-23T03:42:15.838Z [1] RampUpTime: 0.5 (Latency: 1.286s)
2024-09-23T03:42:16.090Z [2] BusFactor - Rate Limit: 5000
2024-09-23T03:42:16.090Z [2] BusFactor - Cost: 1
2024-09-23T03:42:16.091Z [2] BusFactor - Remaining: 4906
2024-09-23T03:42:16.092Z [2] BusFactor - Reset At: 2024-09-23T04:38:58Z
2024-09-23T03:42:16.093Z [1] BusFactor - Authors: 7
2024-09-23T03:42:16.093Z [1] BusFactor: 1 (Latency: 0.253s)
2024-09-23T03:42:19.251Z [1] License - Reading license from LICENSE file
2024-09-23T03:42:19.252Z [2] License - License is compatible with LGPLv2.1
2024-09-23T03:42:19.253Z [1] License: 1 (Latency: 0.002s)
2024-09-23T03:42:19.257Z [2] Correctness - First commit: 2023-10-21T07:13:09.000Z
2024-09-23T03:42:19.258Z [2] Correctness -Last commit: 2023-10-21T07:13:09.000Z
2024-09-23T03:42:19.258Z [2] Correctness - Repository age: 1 days
2024-09-23T03:42:19.259Z [2] Correctness - Commits per day: 1
2024-09-23T03:42:19.259Z [1] Correctness: 0.2 (Latency: 0.006s)
2024-09-23T03:42:19.549Z [1] RampUpTime Weight: 0.15
2024-09-23T03:42:19.550Z [1] Correctness Weight: 0.2
2024-09-23T03:42:19.551Z [1] BusFactor Weight: 0.3
2024-09-23T03:42:19.551Z [1] Responsiveness Weight: 0.15
2024-09-23T03:42:19.552Z [1] License Weight: 0.2
2024-09-23T03:42:19.552Z [1] NetScore: 0.693 (Latency: 5.207s)
2024-09-23T03:46:04.373Z [2] Input URL: https://github.com/cloudinary/cloudinary_npm
2024-09-23T03:46:04.374Z [2] URL Location: Run
2024-09-23T03:46:04.375Z [1] Analyzing repository: cloudinary/cloudinary_npm
2024-09-23T03:46:04.637Z [2] Responsiveness - Rate Limit: 5000
2024-09-23T03:46:04.638Z [2] Responsiveness - Cost: 1
2024-09-23T03:46:04.639Z [2] Responsiveness - Remaining: 4905
2024-09-23T03:46:04.640Z [2] Responsiveness - Reset At: 2024-09-23T04:38:58Z
2024-09-23T03:46:04.640Z [1] Responsiveness - Most recent commit: 8 days ago
2024-09-23T03:46:04.641Z [1] Responsiveness - Avg commit period: 9 days
2024-09-23T03:46:04.642Z [2] Responsiveness - Recency scaled: 1
2024-09-23T03:46:04.642Z [2] Responsiveness - Frequency scaled: 1
2024-09-23T03:46:04.643Z [1] Responsiveness: 1 (Latency: 0.268s)
2024-09-23T03:46:05.001Z [2] RampUpTime - Rate Limit: 5000
2024-09-23T03:46:05.002Z [2] RampUpTime - Cost: 1
2024-09-23T03:46:05.003Z [2] RampUpTime - Remaining: 4904
2024-09-23T03:46:05.003Z [2] RampUpTime - Reset At: 2024-09-23T04:38:58Z
2024-09-23T03:46:05.004Z [1] RampUpTime - Files: 92
2024-09-23T03:46:05.005Z [1] RampUpTime - Average file size: 447KB
2024-09-23T03:46:05.005Z [2] RampUpTime - Files scaled (0-1): 0.7050847457627119
2024-09-23T03:46:05.006Z [2] RampUpTime - Average file size scaled (0-1): 0.5588048967940272
2024-09-23T03:46:05.006Z [1] RampUpTime: 0.632 (Latency: 0.362s)
2024-09-23T03:46:05.295Z [2] BusFactor - Rate Limit: 5000
2024-09-23T03:46:05.296Z [2] BusFactor - Cost: 1
2024-09-23T03:46:05.297Z [2] BusFactor - Remaining: 4903
2024-09-23T03:46:05.297Z [2] BusFactor - Reset At: 2024-09-23T04:38:58Z
2024-09-23T03:46:05.298Z [1] BusFactor - Authors: 3
2024-09-23T03:46:05.299Z [1] BusFactor: 0.5 (Latency: 0.292s)
2024-09-23T03:46:08.922Z [1] License - Reading license from README.md
2024-09-23T03:46:08.924Z [2] License - Extracting license from README.md
2024-09-23T03:46:08.925Z [1] License: 0 (Latency: 0.003s)
2024-09-23T03:46:09.010Z [2] Correctness - First commit: 2024-09-15T12:12:21.000Z
2024-09-23T03:46:09.011Z [2] Correctness -Last commit: 2024-09-15T12:12:21.000Z
2024-09-23T03:46:09.012Z [2] Correctness - Repository age: 1 days
2024-09-23T03:46:09.013Z [2] Correctness - Commits per day: 1
2024-09-23T03:46:09.013Z [1] Correctness: 0.2 (Latency: 0.088s)
2024-09-23T03:46:09.136Z [1] RampUpTime Weight: 0.15
2024-09-23T03:46:09.137Z [1] Correctness Weight: 0.2
2024-09-23T03:46:09.138Z [1] BusFactor Weight: 0.3
2024-09-23T03:46:09.138Z [1] Responsiveness Weight: 0.15
2024-09-23T03:46:09.139Z [1] License Weight: 0.2
2024-09-23T03:46:09.140Z [1] NetScore: 0.435 (Latency: 4.765s)
2024-09-23T03:46:09.373Z [2] Input URL: https://www.npmjs.com/package/express
2024-09-23T03:46:09.374Z [2] URL Location: npm
2024-09-23T03:46:09.375Z [2] parseNpmLink return: express
2024-09-23T03:46:09.483Z [2] getGitHubFromNpmAxios return: https://github.com/expressjs/express.git
2024-09-23T03:46:09.484Z [1] Analyzing repository: expressjs/express
2024-09-23T03:46:09.764Z [2] Responsiveness - Rate Limit: 5000
2024-09-23T03:46:09.765Z [2] Responsiveness - Cost: 1
2024-09-23T03:46:09.765Z [2] Responsiveness - Remaining: 4902
2024-09-23T03:46:09.766Z [2] Responsiveness - Reset At: 2024-09-23T04:38:58Z
2024-09-23T03:46:09.767Z [1] Responsiveness - Most recent commit: 13 days ago
2024-09-23T03:46:09.768Z [1] Responsiveness - Avg commit period: 1 days
2024-09-23T03:46:09.768Z [2] Responsiveness - Recency scaled: 1
2024-09-23T03:46:09.769Z [2] Responsiveness - Frequency scaled: 1
2024-09-23T03:46:09.770Z [1] Responsiveness: 1 (Latency: 0.285s)
2024-09-23T03:46:10.560Z [2] RampUpTime - Rate Limit: 5000
2024-09-23T03:46:10.561Z [2] RampUpTime - Cost: 1
2024-09-23T03:46:10.561Z [2] RampUpTime - Remaining: 4901
2024-09-23T03:46:10.562Z [2] RampUpTime - Reset At: 2024-09-23T04:38:58Z
2024-09-23T03:46:10.563Z [1] RampUpTime - Files: 169
2024-09-23T03:46:10.563Z [1] RampUpTime - Average file size: 4KB
2024-09-23T03:46:10.564Z [2] RampUpTime - Files scaled (0-1): 0.4440677966101695
2024-09-23T03:46:10.564Z [2] RampUpTime - Average file size scaled (0-1): 1
2024-09-23T03:46:10.565Z [1] RampUpTime: 0.722 (Latency: 0.795s)
2024-09-23T03:46:10.807Z [2] BusFactor - Rate Limit: 5000
2024-09-23T03:46:10.808Z [2] BusFactor - Cost: 1
2024-09-23T03:46:10.809Z [2] BusFactor - Remaining: 4900
2024-09-23T03:46:10.809Z [2] BusFactor - Reset At: 2024-09-23T04:38:58Z
2024-09-23T03:46:10.810Z [1] BusFactor - Authors: 10
2024-09-23T03:46:10.810Z [1] BusFactor: 1 (Latency: 0.244s)
2024-09-23T03:46:12.155Z [1] License - Reading license from LICENSE file
2024-09-23T03:46:12.156Z [2] License - License is compatible with LGPLv2.1
2024-09-23T03:46:12.156Z [1] License: 1 (Latency: 0.001s)
2024-09-23T03:46:12.160Z [2] Correctness - First commit: 2024-09-10T04:35:36.000Z
2024-09-23T03:46:12.161Z [2] Correctness -Last commit: 2024-09-10T04:35:36.000Z
2024-09-23T03:46:12.161Z [2] Correctness - Repository age: 1 days
2024-09-23T03:46:12.162Z [2] Correctness - Commits per day: 1
2024-09-23T03:46:12.163Z [1] Correctness: 0.2 (Latency: 0.006s)
2024-09-23T03:46:12.279Z [1] RampUpTime Weight: 0.15
2024-09-23T03:46:12.280Z [1] Correctness Weight: 0.2
2024-09-23T03:46:12.280Z [1] BusFactor Weight: 0.3
2024-09-23T03:46:12.281Z [1] Responsiveness Weight: 0.15
2024-09-23T03:46:12.282Z [1] License Weight: 0.2
2024-09-23T03:46:12.282Z [1] NetScore: 0.798 (Latency: 2.797s)
2024-09-23T03:46:12.459Z [2] Input URL: https://github.com/nullivex/nodist
2024-09-23T03:46:12.460Z [2] URL Location: Run
2024-09-23T03:46:12.460Z [1] Analyzing repository: nullivex/nodist
2024-09-23T03:46:12.756Z [2] Responsiveness - Rate Limit: 5000
2024-09-23T03:46:12.756Z [2] Responsiveness - Cost: 1
2024-09-23T03:46:12.757Z [2] Responsiveness - Remaining: 4899
2024-09-23T03:46:12.758Z [2] Responsiveness - Reset At: 2024-09-23T04:38:58Z
2024-09-23T03:46:12.758Z [1] Responsiveness - Most recent commit: 289 days ago
2024-09-23T03:46:12.759Z [1] Responsiveness - Avg commit period: 30 days
2024-09-23T03:46:12.760Z [2] Responsiveness - Recency scaled: 0.7456059204440333
2024-09-23T03:46:12.760Z [2] Responsiveness - Frequency scaled: 0.8230190861769809
2024-09-23T03:46:12.761Z [1] Responsiveness: 0.792 (Latency: 0.3s)
2024-09-23T03:46:13.004Z [2] RampUpTime - Rate Limit: 5000
2024-09-23T03:46:13.005Z [2] RampUpTime - Cost: 1
2024-09-23T03:46:13.006Z [2] RampUpTime - Remaining: 4898
2024-09-23T03:46:13.007Z [2] RampUpTime - Reset At: 2024-09-23T04:38:58Z
2024-09-23T03:46:13.007Z [1] RampUpTime - Files: 40
2024-09-23T03:46:13.008Z [1] RampUpTime - Average file size: 5KB
2024-09-23T03:46:13.009Z [2] RampUpTime - Files scaled (0-1): 0.8813559322033898
2024-09-23T03:46:13.009Z [2] RampUpTime - Average file size scaled (0-1): 1
2024-09-23T03:46:13.010Z [1] RampUpTime: 0.941 (Latency: 0.248s)
2024-09-23T03:46:13.253Z [2] BusFactor - Rate Limit: 5000
2024-09-23T03:46:13.254Z [2] BusFactor - Cost: 1
2024-09-23T03:46:13.254Z [2] BusFactor - Remaining: 4897
2024-09-23T03:46:13.255Z [2] BusFactor - Reset At: 2024-09-23T04:38:58Z
2024-09-23T03:46:13.255Z [1] BusFactor - Authors: 11
2024-09-23T03:46:13.256Z [1] BusFactor: 1 (Latency: 0.246s)
2024-09-23T03:46:13.742Z [1] License - Reading license from README.md
2024-09-23T03:46:13.743Z [2] License - Extracting license from README.md
2024-09-23T03:46:13.743Z [1] License: 0 (Latency: 0.002s)
2024-09-23T03:46:13.747Z [2] Correctness - First commit: 2023-12-09T10:33:14.000Z
2024-09-23T03:46:13.747Z [2] Correctness -Last commit: 2023-12-09T10:33:14.000Z
2024-09-23T03:46:13.748Z [2] Correctness - Repository age: 1 days
2024-09-23T03:46:13.749Z [2] Correctness - Commits per day: 1
2024-09-23T03:46:13.749Z [1] Correctness: 0.2 (Latency: 0.005s)
2024-09-23T03:46:13.785Z [1] RampUpTime Weight: 0.15
2024-09-23T03:46:13.785Z [1] Correctness Weight: 0.2
2024-09-23T03:46:13.786Z [1] BusFactor Weight: 0.3
2024-09-23T03:46:13.787Z [1] Responsiveness Weight: 0.15
2024-09-23T03:46:13.787Z [1] License Weight: 0.2
2024-09-23T03:46:13.788Z [1] NetScore: 0.6 (Latency: 1.327s)
2024-09-23T03:46:13.961Z [2] Input URL: https://github.com/lodash/lodash
2024-09-23T03:46:13.962Z [2] URL Location: Run
2024-09-23T03:46:13.963Z [1] Analyzing repository: lodash/lodash
2024-09-23T03:46:14.264Z [2] Responsiveness - Rate Limit: 5000
2024-09-23T03:46:14.265Z [2] Responsiveness - Cost: 1
2024-09-23T03:46:14.266Z [2] Responsiveness - Remaining: 4896
2024-09-23T03:46:14.267Z [2] Responsiveness - Reset At: 2024-09-23T04:38:58Z
2024-09-23T03:46:14.268Z [1] Responsiveness - Most recent commit: 75 days ago
2024-09-23T03:46:14.268Z [1] Responsiveness - Avg commit period: 80 days
2024-09-23T03:46:14.269Z [2] Responsiveness - Recency scaled: 0.9435707678075855
2024-09-23T03:46:14.270Z [2] Responsiveness - Frequency scaled: 0.27125506072874495
2024-09-23T03:46:14.270Z [1] Responsiveness: 0.54 (Latency: 0.307s)
2024-09-23T03:46:15.841Z [2] RampUpTime - Rate Limit: 5000
2024-09-23T03:46:15.842Z [2] RampUpTime - Cost: 1
2024-09-23T03:46:15.843Z [2] RampUpTime - Remaining: 4895
2024-09-23T03:46:15.844Z [2] RampUpTime - Reset At: 2024-09-23T04:38:58Z
2024-09-23T03:46:15.845Z [1] RampUpTime - Files: 709
2024-09-23T03:46:15.845Z [1] RampUpTime - Average file size: 2KB
2024-09-23T03:46:15.846Z [2] RampUpTime - Files scaled (0-1): 0
2024-09-23T03:46:15.847Z [2] RampUpTime - Average file size scaled (0-1): 1
2024-09-23T03:46:15.848Z [1] RampUpTime: 0.5 (Latency: 1.577s)
2024-09-23T03:46:16.141Z [2] BusFactor - Rate Limit: 5000
2024-09-23T03:46:16.142Z [2] BusFactor - Cost: 1
2024-09-23T03:46:16.143Z [2] BusFactor - Remaining: 4894
2024-09-23T03:46:16.143Z [2] BusFactor - Reset At: 2024-09-23T04:38:58Z
2024-09-23T03:46:16.144Z [1] BusFactor - Authors: 23
2024-09-23T03:46:16.145Z [1] BusFactor: 1 (Latency: 0.297s)
2024-09-23T03:46:18.401Z [1] License - Reading license from LICENSE file
2024-09-23T03:46:18.402Z [2] License - License is compatible with LGPLv2.1
2024-09-23T03:46:18.403Z [1] License: 1 (Latency: 0.002s)
2024-09-23T03:46:18.407Z [2] Correctness - First commit: 2024-07-10T20:56:03.000Z
2024-09-23T03:46:18.408Z [2] Correctness -Last commit: 2024-07-10T20:56:03.000Z
2024-09-23T03:46:18.408Z [2] Correctness - Repository age: 1 days
2024-09-23T03:46:18.409Z [2] Correctness - Commits per day: 1
2024-09-23T03:46:18.410Z [1] Correctness: 0.2 (Latency: 0.007s)
2024-09-23T03:46:18.598Z [1] RampUpTime Weight: 0.15
2024-09-23T03:46:18.598Z [1] Correctness Weight: 0.2
2024-09-23T03:46:18.599Z [1] BusFactor Weight: 0.3
2024-09-23T03:46:18.600Z [1] Responsiveness Weight: 0.15
2024-09-23T03:46:18.601Z [1] License Weight: 0.2
2024-09-23T03:46:18.601Z [1] NetScore: 0.696 (Latency: 4.638s)
2024-09-23T03:46:18.777Z [2] Input URL: https://www.npmjs.com/package/browserify
2024-09-23T03:46:18.778Z [2] URL Location: npm
2024-09-23T03:46:18.779Z [2] parseNpmLink return: browserify
2024-09-23T03:46:18.899Z [2] getGitHubFromNpmAxios return: ssh://git@github.com/browserify/browserify.git
2024-09-23T03:46:18.900Z [1] Analyzing repository: browserify/browserify
2024-09-23T03:46:19.112Z [2] Responsiveness - Rate Limit: 5000
2024-09-23T03:46:19.113Z [2] Responsiveness - Cost: 1
2024-09-23T03:46:19.113Z [2] Responsiveness - Remaining: 4893
2024-09-23T03:46:19.114Z [2] Responsiveness - Reset At: 2024-09-23T04:38:58Z
2024-09-23T03:46:19.114Z [1] Responsiveness - Most recent commit: 338 days ago
2024-09-23T03:46:19.115Z [1] Responsiveness - Avg commit period: 68 days
2024-09-23T03:46:19.116Z [2] Responsiveness - Recency scaled: 0.700277520814061
2024-09-23T03:46:19.116Z [2] Responsiveness - Frequency scaled: 0.40370156159629855
2024-09-23T03:46:19.117Z [1] Responsiveness: 0.522 (Latency: 0.217s)
2024-09-23T03:46:19.998Z [2] RampUpTime - Rate Limit: 5000
2024-09-23T03:46:19.998Z [2] RampUpTime - Cost: 1
2024-09-23T03:46:19.999Z [2] RampUpTime - Remaining: 4892
2024-09-23T03:46:20.000Z [2] RampUpTime - Reset At: 2024-09-23T04:38:58Z
2024-09-23T03:46:20.000Z [1] RampUpTime - Files: 333
2024-09-23T03:46:20.001Z [1] RampUpTime - Average file size: 1KB
2024-09-23T03:46:20.002Z [2] RampUpTime - Files scaled (0-1): 0
2024-09-23T03:46:20.002Z [2] RampUpTime - Average file size scaled (0-1): 1
2024-09-23T03:46:20.003Z [1] RampUpTime: 0.5 (Latency: 0.885s)
2024-09-23T03:46:20.296Z [2] BusFactor - Rate Limit: 5000
2024-09-23T03:46:20.297Z [2] BusFactor - Cost: 1
2024-09-23T03:46:20.297Z [2] BusFactor - Remaining: 4891
2024-09-23T03:46:20.298Z [2] BusFactor - Reset At: 2024-09-23T04:38:58Z
2024-09-23T03:46:20.298Z [1] BusFactor - Authors: 7
2024-09-23T03:46:20.299Z [1] BusFactor: 1 (Latency: 0.296s)
2024-09-23T03:46:23.195Z [1] License - Reading license from LICENSE file
2024-09-23T03:46:23.196Z [2] License - License is compatible with LGPLv2.1
2024-09-23T03:46:23.197Z [1] License: 1 (Latency: 0.002s)
2024-09-23T03:46:23.201Z [2] Correctness - First commit: 2023-10-21T07:13:09.000Z
2024-09-23T03:46:23.201Z [2] Correctness -Last commit: 2023-10-21T07:13:09.000Z
2024-09-23T03:46:23.202Z [2] Correctness - Repository age: 1 days
2024-09-23T03:46:23.203Z [2] Correctness - Commits per day: 1
2024-09-23T03:46:23.203Z [1] Correctness: 0.2 (Latency: 0.006s)
2024-09-23T03:46:23.492Z [1] RampUpTime Weight: 0.15
2024-09-23T03:46:23.493Z [1] Correctness Weight: 0.2
2024-09-23T03:46:23.493Z [1] BusFactor Weight: 0.3
2024-09-23T03:46:23.494Z [1] Responsiveness Weight: 0.15
2024-09-23T03:46:23.495Z [1] License Weight: 0.2
2024-09-23T03:46:23.495Z [1] NetScore: 0.693 (Latency: 4.595s)
2024-09-23T03:48:40.498Z [2] Input URL: https://github.com/cloudinary/cloudinary_npm
2024-09-23T03:48:40.499Z [2] URL Location: Run
2024-09-23T03:48:40.500Z [1] Analyzing repository: cloudinary/cloudinary_npm
2024-09-23T03:48:40.768Z [2] Responsiveness - Rate Limit: 5000
2024-09-23T03:48:40.769Z [2] Responsiveness - Cost: 1
2024-09-23T03:48:40.770Z [2] Responsiveness - Remaining: 4890
2024-09-23T03:48:40.770Z [2] Responsiveness - Reset At: 2024-09-23T04:38:58Z
2024-09-23T03:48:40.771Z [1] Responsiveness - Most recent commit: 8 days ago
2024-09-23T03:48:40.772Z [1] Responsiveness - Avg commit period: 9 days
2024-09-23T03:48:40.772Z [2] Responsiveness - Recency scaled: 1
2024-09-23T03:48:40.773Z [2] Responsiveness - Frequency scaled: 1
2024-09-23T03:48:40.774Z [1] Responsiveness: 1 (Latency: 0.273s)
2024-09-23T03:48:41.214Z [2] RampUpTime - Rate Limit: 5000
2024-09-23T03:48:41.215Z [2] RampUpTime - Cost: 1
2024-09-23T03:48:41.216Z [2] RampUpTime - Remaining: 4889
2024-09-23T03:48:41.216Z [2] RampUpTime - Reset At: 2024-09-23T04:38:58Z
2024-09-23T03:48:41.217Z [1] RampUpTime - Files: 92
2024-09-23T03:48:41.218Z [1] RampUpTime - Average file size: 447KB
2024-09-23T03:48:41.218Z [2] RampUpTime - Files scaled (0-1): 0.7050847457627119
2024-09-23T03:48:41.219Z [2] RampUpTime - Average file size scaled (0-1): 0.5588048967940272
2024-09-23T03:48:41.219Z [1] RampUpTime: 0.632 (Latency: 0.445s)
2024-09-23T03:48:41.474Z [2] BusFactor - Rate Limit: 5000
2024-09-23T03:48:41.475Z [2] BusFactor - Cost: 1
2024-09-23T03:48:41.476Z [2] BusFactor - Remaining: 4888
2024-09-23T03:48:41.476Z [2] BusFactor - Reset At: 2024-09-23T04:38:58Z
2024-09-23T03:48:41.477Z [1] BusFactor - Authors: 3
2024-09-23T03:48:41.478Z [1] BusFactor: 0.5 (Latency: 0.257s)
2024-09-23T03:48:45.159Z [1] License - Reading license from README.md
2024-09-23T03:48:45.161Z [2] License - Extracting license from README.md
2024-09-23T03:48:45.162Z [1] License: 0 (Latency: 0.003s)
2024-09-23T03:48:45.220Z [2] Correctness - First commit: 2024-09-15T12:12:21.000Z
2024-09-23T03:48:45.221Z [2] Correctness -Last commit: 2024-09-15T12:12:21.000Z
2024-09-23T03:48:45.222Z [2] Correctness - Repository age: 1 days
2024-09-23T03:48:45.223Z [2] Correctness - Commits per day: 1
2024-09-23T03:48:45.223Z [1] Correctness: 0.2 (Latency: 0.061s)
2024-09-23T03:48:45.492Z [1] RampUpTime Weight: 0.15
2024-09-23T03:48:45.493Z [1] Correctness Weight: 0.2
2024-09-23T03:48:45.494Z [1] BusFactor Weight: 0.3
2024-09-23T03:48:45.494Z [1] Responsiveness Weight: 0.15
2024-09-23T03:48:45.495Z [1] License Weight: 0.2
2024-09-23T03:48:45.496Z [1] NetScore: 0.435 (Latency: 4.995s)
2024-09-23T03:48:45.732Z [2] Input URL: https://www.npmjs.com/package/express
2024-09-23T03:48:45.733Z [2] URL Location: npm
2024-09-23T03:48:45.734Z [2] parseNpmLink return: express
2024-09-23T03:48:45.858Z [2] getGitHubFromNpmAxios return: https://github.com/expressjs/express.git
2024-09-23T03:48:45.859Z [1] Analyzing repository: expressjs/express
2024-09-23T03:48:46.093Z [2] Responsiveness - Rate Limit: 5000
2024-09-23T03:48:46.094Z [2] Responsiveness - Cost: 1
2024-09-23T03:48:46.095Z [2] Responsiveness - Remaining: 4887
2024-09-23T03:48:46.095Z [2] Responsiveness - Reset At: 2024-09-23T04:38:58Z
2024-09-23T03:48:46.096Z [1] Responsiveness - Most recent commit: 13 days ago
2024-09-23T03:48:46.097Z [1] Responsiveness - Avg commit period: 1 days
2024-09-23T03:48:46.097Z [2] Responsiveness - Recency scaled: 1
2024-09-23T03:48:46.098Z [2] Responsiveness - Frequency scaled: 1
2024-09-23T03:48:46.098Z [1] Responsiveness: 1 (Latency: 0.239s)
2024-09-23T03:48:46.613Z [2] RampUpTime - Rate Limit: 5000
2024-09-23T03:48:46.614Z [2] RampUpTime - Cost: 1
2024-09-23T03:48:46.615Z [2] RampUpTime - Remaining: 4886
2024-09-23T03:48:46.615Z [2] RampUpTime - Reset At: 2024-09-23T04:38:58Z
2024-09-23T03:48:46.616Z [1] RampUpTime - Files: 169
2024-09-23T03:48:46.617Z [1] RampUpTime - Average file size: 4KB
2024-09-23T03:48:46.617Z [2] RampUpTime - Files scaled (0-1): 0.4440677966101695
2024-09-23T03:48:46.618Z [2] RampUpTime - Average file size scaled (0-1): 1
2024-09-23T03:48:46.619Z [1] RampUpTime: 0.722 (Latency: 0.52s)
2024-09-23T03:48:46.914Z [2] BusFactor - Rate Limit: 5000
2024-09-23T03:48:46.915Z [2] BusFactor - Cost: 1
2024-09-23T03:48:46.916Z [2] BusFactor - Remaining: 4885
2024-09-23T03:48:46.916Z [2] BusFactor - Reset At: 2024-09-23T04:38:58Z
2024-09-23T03:48:46.917Z [1] BusFactor - Authors: 10
2024-09-23T03:48:46.918Z [1] BusFactor: 1 (Latency: 0.299s)
2024-09-23T03:48:48.319Z [1] License - Reading license from LICENSE file
2024-09-23T03:48:48.320Z [2] License - License is compatible with LGPLv2.1
2024-09-23T03:48:48.321Z [1] License: 1 (Latency: 0.002s)
2024-09-23T03:48:48.324Z [2] Correctness - First commit: 2024-09-10T04:35:36.000Z
2024-09-23T03:48:48.325Z [2] Correctness -Last commit: 2024-09-10T04:35:36.000Z
2024-09-23T03:48:48.326Z [2] Correctness - Repository age: 1 days
2024-09-23T03:48:48.326Z [2] Correctness - Commits per day: 1
2024-09-23T03:48:48.327Z [1] Correctness: 0.2 (Latency: 0.006s)
2024-09-23T03:48:48.497Z [1] RampUpTime Weight: 0.15
2024-09-23T03:48:48.498Z [1] Correctness Weight: 0.2
2024-09-23T03:48:48.499Z [1] BusFactor Weight: 0.3
2024-09-23T03:48:48.500Z [1] Responsiveness Weight: 0.15
2024-09-23T03:48:48.500Z [1] License Weight: 0.2
2024-09-23T03:48:48.501Z [1] NetScore: 0.798 (Latency: 2.642s)
2024-09-23T03:48:48.678Z [2] Input URL: https://github.com/nullivex/nodist
2024-09-23T03:48:48.679Z [2] URL Location: Run
2024-09-23T03:48:48.680Z [1] Analyzing repository: nullivex/nodist
2024-09-23T03:48:48.915Z [2] Responsiveness - Rate Limit: 5000
2024-09-23T03:48:48.916Z [2] Responsiveness - Cost: 1
2024-09-23T03:48:48.916Z [2] Responsiveness - Remaining: 4884
2024-09-23T03:48:48.917Z [2] Responsiveness - Reset At: 2024-09-23T04:38:58Z
2024-09-23T03:48:48.918Z [1] Responsiveness - Most recent commit: 289 days ago
2024-09-23T03:48:48.918Z [1] Responsiveness - Avg commit period: 30 days
2024-09-23T03:48:48.919Z [2] Responsiveness - Recency scaled: 0.7456059204440333
2024-09-23T03:48:48.920Z [2] Responsiveness - Frequency scaled: 0.8230190861769809
2024-09-23T03:48:48.920Z [1] Responsiveness: 0.792 (Latency: 0.239s)
2024-09-23T03:48:49.183Z [2] RampUpTime - Rate Limit: 5000
2024-09-23T03:48:49.184Z [2] RampUpTime - Cost: 1
2024-09-23T03:48:49.185Z [2] RampUpTime - Remaining: 4883
2024-09-23T03:48:49.185Z [2] RampUpTime - Reset At: 2024-09-23T04:38:58Z
2024-09-23T03:48:49.186Z [1] RampUpTime - Files: 40
2024-09-23T03:48:49.187Z [1] RampUpTime - Average file size: 5KB
2024-09-23T03:48:49.187Z [2] RampUpTime - Files scaled (0-1): 0.8813559322033898
2024-09-23T03:48:49.188Z [2] RampUpTime - Average file size scaled (0-1): 1
2024-09-23T03:48:49.188Z [1] RampUpTime: 0.941 (Latency: 0.267s)
2024-09-23T03:48:49.506Z [2] BusFactor - Rate Limit: 5000
2024-09-23T03:48:49.507Z [2] BusFactor - Cost: 1
2024-09-23T03:48:49.507Z [2] BusFactor - Remaining: 4882
2024-09-23T03:48:49.508Z [2] BusFactor - Reset At: 2024-09-23T04:38:58Z
2024-09-23T03:48:49.508Z [1] BusFactor - Authors: 11
2024-09-23T03:48:49.509Z [1] BusFactor: 1 (Latency: 0.32s)
2024-09-23T03:48:50.003Z [1] License - Reading license from README.md
2024-09-23T03:48:50.004Z [2] License - Extracting license from README.md
2024-09-23T03:48:50.005Z [1] License: 0 (Latency: 0.002s)
2024-09-23T03:48:50.009Z [2] Correctness - First commit: 2023-12-09T10:33:14.000Z
2024-09-23T03:48:50.009Z [2] Correctness -Last commit: 2023-12-09T10:33:14.000Z
2024-09-23T03:48:50.010Z [2] Correctness - Repository age: 1 days
2024-09-23T03:48:50.011Z [2] Correctness - Commits per day: 1
2024-09-23T03:48:50.011Z [1] Correctness: 0.2 (Latency: 0.005s)
2024-09-23T03:48:50.075Z [1] RampUpTime Weight: 0.15
2024-09-23T03:48:50.076Z [1] Correctness Weight: 0.2
2024-09-23T03:48:50.077Z [1] BusFactor Weight: 0.3
2024-09-23T03:48:50.077Z [1] Responsiveness Weight: 0.15
2024-09-23T03:48:50.078Z [1] License Weight: 0.2
2024-09-23T03:48:50.079Z [1] NetScore: 0.6 (Latency: 1.398s)
2024-09-23T03:48:50.257Z [2] Input URL: https://github.com/lodash/lodash
2024-09-23T03:48:50.258Z [2] URL Location: Run
2024-09-23T03:48:50.259Z [1] Analyzing repository: lodash/lodash
2024-09-23T03:48:50.542Z [2] Responsiveness - Rate Limit: 5000
2024-09-23T03:48:50.542Z [2] Responsiveness - Cost: 1
2024-09-23T03:48:50.543Z [2] Responsiveness - Remaining: 4881
2024-09-23T03:48:50.544Z [2] Responsiveness - Reset At: 2024-09-23T04:38:58Z
2024-09-23T03:48:50.544Z [1] Responsiveness - Most recent commit: 75 days ago
2024-09-23T03:48:50.545Z [1] Responsiveness - Avg commit period: 80 days
2024-09-23T03:48:50.546Z [2] Responsiveness - Recency scaled: 0.9435707678075855
2024-09-23T03:48:50.547Z [2] Responsiveness - Frequency scaled: 0.27125506072874495
2024-09-23T03:48:50.548Z [1] Responsiveness: 0.54 (Latency: 0.289s)
2024-09-23T03:48:51.857Z [2] RampUpTime - Rate Limit: 5000
2024-09-23T03:48:51.858Z [2] RampUpTime - Cost: 1
2024-09-23T03:48:51.859Z [2] RampUpTime - Remaining: 4880
2024-09-23T03:48:51.860Z [2] RampUpTime - Reset At: 2024-09-23T04:38:58Z
2024-09-23T03:48:51.860Z [1] RampUpTime - Files: 709
2024-09-23T03:48:51.861Z [1] RampUpTime - Average file size: 2KB
2024-09-23T03:48:51.862Z [2] RampUpTime - Files scaled (0-1): 0
2024-09-23T03:48:51.862Z [2] RampUpTime - Average file size scaled (0-1): 1
2024-09-23T03:48:51.863Z [1] RampUpTime: 0.5 (Latency: 1.315s)
2024-09-23T03:48:52.185Z [2] BusFactor - Rate Limit: 5000
2024-09-23T03:48:52.186Z [2] BusFactor - Cost: 1
2024-09-23T03:48:52.187Z [2] BusFactor - Remaining: 4879
2024-09-23T03:48:52.188Z [2] BusFactor - Reset At: 2024-09-23T04:38:58Z
2024-09-23T03:48:52.188Z [1] BusFactor - Authors: 23
2024-09-23T03:48:52.189Z [1] BusFactor: 1 (Latency: 0.326s)
2024-09-23T03:48:57.882Z [1] License - Reading license from LICENSE file
2024-09-23T03:48:57.883Z [2] License - License is compatible with LGPLv2.1
2024-09-23T03:48:57.884Z [1] License: 1 (Latency: 0.002s)
2024-09-23T03:48:57.889Z [2] Correctness - First commit: 2024-07-10T20:56:03.000Z
2024-09-23T03:48:57.890Z [2] Correctness -Last commit: 2024-07-10T20:56:03.000Z
2024-09-23T03:48:57.891Z [2] Correctness - Repository age: 1 days
2024-09-23T03:48:57.891Z [2] Correctness - Commits per day: 1
2024-09-23T03:48:57.892Z [1] Correctness: 0.2 (Latency: 0.007s)
2024-09-23T03:48:58.161Z [1] RampUpTime Weight: 0.15
2024-09-23T03:48:58.162Z [1] Correctness Weight: 0.2
2024-09-23T03:48:58.162Z [1] BusFactor Weight: 0.3
2024-09-23T03:48:58.163Z [1] Responsiveness Weight: 0.15
2024-09-23T03:48:58.163Z [1] License Weight: 0.2
2024-09-23T03:48:58.164Z [1] NetScore: 0.696 (Latency: 7.905s)
2024-09-23T03:48:58.378Z [2] Input URL: https://www.npmjs.com/package/browserify
2024-09-23T03:48:58.379Z [2] URL Location: npm
2024-09-23T03:48:58.380Z [2] parseNpmLink return: browserify
2024-09-23T03:48:58.470Z [2] getGitHubFromNpmAxios return: ssh://git@github.com/browserify/browserify.git
2024-09-23T03:48:58.471Z [1] Analyzing repository: browserify/browserify
2024-09-23T03:48:58.686Z [2] Responsiveness - Rate Limit: 5000
2024-09-23T03:48:58.686Z [2] Responsiveness - Cost: 1
2024-09-23T03:48:58.687Z [2] Responsiveness - Remaining: 4878
2024-09-23T03:48:58.688Z [2] Responsiveness - Reset At: 2024-09-23T04:38:58Z
2024-09-23T03:48:58.688Z [1] Responsiveness - Most recent commit: 338 days ago
2024-09-23T03:48:58.689Z [1] Responsiveness - Avg commit period: 68 days
2024-09-23T03:48:58.690Z [2] Responsiveness - Recency scaled: 0.700277520814061
2024-09-23T03:48:58.690Z [2] Responsiveness - Frequency scaled: 0.40370156159629855
2024-09-23T03:48:58.691Z [1] Responsiveness: 0.522 (Latency: 0.219s)
2024-09-23T03:48:59.573Z [2] RampUpTime - Rate Limit: 5000
2024-09-23T03:48:59.574Z [2] RampUpTime - Cost: 1
2024-09-23T03:48:59.574Z [2] RampUpTime - Remaining: 4877
2024-09-23T03:48:59.575Z [2] RampUpTime - Reset At: 2024-09-23T04:38:58Z
2024-09-23T03:48:59.576Z [1] RampUpTime - Files: 333
2024-09-23T03:48:59.576Z [1] RampUpTime - Average file size: 1KB
2024-09-23T03:48:59.577Z [2] RampUpTime - Files scaled (0-1): 0
2024-09-23T03:48:59.578Z [2] RampUpTime - Average file size scaled (0-1): 1
2024-09-23T03:48:59.578Z [1] RampUpTime: 0.5 (Latency: 0.886s)
2024-09-23T03:48:59.874Z [2] BusFactor - Rate Limit: 5000
2024-09-23T03:48:59.874Z [2] BusFactor - Cost: 1
2024-09-23T03:48:59.875Z [2] BusFactor - Remaining: 4876
2024-09-23T03:48:59.876Z [2] BusFactor - Reset At: 2024-09-23T04:38:58Z
2024-09-23T03:48:59.876Z [1] BusFactor - Authors: 7
2024-09-23T03:48:59.877Z [1] BusFactor: 1 (Latency: 0.298s)
2024-09-23T03:49:04.669Z [1] License - Reading license from LICENSE file
2024-09-23T03:49:04.670Z [2] License - License is compatible with LGPLv2.1
2024-09-23T03:49:04.671Z [1] License: 1 (Latency: 0.002s)
2024-09-23T03:49:04.675Z [2] Correctness - First commit: 2023-10-21T07:13:09.000Z
2024-09-23T03:49:04.676Z [2] Correctness -Last commit: 2023-10-21T07:13:09.000Z
2024-09-23T03:49:04.677Z [2] Correctness - Repository age: 1 days
2024-09-23T03:49:04.677Z [2] Correctness - Commits per day: 1
2024-09-23T03:49:04.678Z [1] Correctness: 0.2 (Latency: 0.007s)
2024-09-23T03:49:06.245Z [1] RampUpTime Weight: 0.15
2024-09-23T03:49:06.245Z [1] Correctness Weight: 0.2
2024-09-23T03:49:06.246Z [1] BusFactor Weight: 0.3
2024-09-23T03:49:06.247Z [1] Responsiveness Weight: 0.15
2024-09-23T03:49:06.247Z [1] License Weight: 0.2
2024-09-23T03:49:06.248Z [1] NetScore: 0.693 (Latency: 7.776s)
2024-09-23T03:52:00.853Z [2] Input URL: https://github.com/cloudinary/cloudinary_npm
2024-09-23T03:52:00.854Z [2] URL Location: Run
2024-09-23T03:52:00.855Z [1] Analyzing repository: cloudinary/cloudinary_npm
2024-09-23T03:52:01.098Z [2] Responsiveness - Rate Limit: 5000
2024-09-23T03:52:01.099Z [2] Responsiveness - Cost: 1
2024-09-23T03:52:01.100Z [2] Responsiveness - Remaining: 4875
2024-09-23T03:52:01.100Z [2] Responsiveness - Reset At: 2024-09-23T04:38:58Z
2024-09-23T03:52:01.101Z [1] Responsiveness - Most recent commit: 8 days ago
2024-09-23T03:52:01.102Z [1] Responsiveness - Avg commit period: 9 days
2024-09-23T03:52:01.102Z [2] Responsiveness - Recency scaled: 1
2024-09-23T03:52:01.103Z [2] Responsiveness - Frequency scaled: 1
2024-09-23T03:52:01.104Z [1] Responsiveness: 1 (Latency: 0.248s)
2024-09-23T03:52:01.599Z [2] RampUpTime - Rate Limit: 5000
2024-09-23T03:52:01.600Z [2] RampUpTime - Cost: 1
2024-09-23T03:52:01.600Z [2] RampUpTime - Remaining: 4874
2024-09-23T03:52:01.601Z [2] RampUpTime - Reset At: 2024-09-23T04:38:58Z
2024-09-23T03:52:01.602Z [1] RampUpTime - Files: 92
2024-09-23T03:52:01.602Z [1] RampUpTime - Average file size: 447KB
2024-09-23T03:52:01.603Z [2] RampUpTime - Files scaled (0-1): 0.7050847457627119
2024-09-23T03:52:01.604Z [2] RampUpTime - Average file size scaled (0-1): 0.5588048967940272
2024-09-23T03:52:01.604Z [1] RampUpTime: 0.632 (Latency: 0.5s)
2024-09-23T03:52:01.870Z [2] BusFactor - Rate Limit: 5000
2024-09-23T03:52:01.871Z [2] BusFactor - Cost: 1
2024-09-23T03:52:01.871Z [2] BusFactor - Remaining: 4873
2024-09-23T03:52:01.872Z [2] BusFactor - Reset At: 2024-09-23T04:38:58Z
2024-09-23T03:52:01.873Z [1] BusFactor - Authors: 3
2024-09-23T03:52:01.873Z [1] BusFactor: 0.5 (Latency: 0.268s)
2024-09-23T03:52:05.233Z [1] License - Reading license from README.md
2024-09-23T03:52:05.235Z [2] License - Extracting license from README.md
2024-09-23T03:52:05.236Z [1] License: 0 (Latency: 0.003s)
2024-09-23T03:52:05.296Z [2] Correctness - First commit: 2024-09-15T12:12:21.000Z
2024-09-23T03:52:05.297Z [2] Correctness -Last commit: 2024-09-15T12:12:21.000Z
2024-09-23T03:52:05.298Z [2] Correctness - Repository age: 1 days
2024-09-23T03:52:05.299Z [2] Correctness - Commits per day: 1
2024-09-23T03:52:05.299Z [1] Correctness: 0.2 (Latency: 0.062s)
2024-09-23T03:52:05.421Z [1] RampUpTime Weight: 0.15
2024-09-23T03:52:05.422Z [1] Correctness Weight: 0.2
2024-09-23T03:52:05.422Z [1] BusFactor Weight: 0.3
2024-09-23T03:52:05.423Z [1] Responsiveness Weight: 0.15
2024-09-23T03:52:05.424Z [1] License Weight: 0.2
2024-09-23T03:52:05.424Z [1] NetScore: 0.435 (Latency: 4.568s)
2024-09-23T03:52:05.628Z [2] Input URL: https://www.npmjs.com/package/express
2024-09-23T03:52:05.629Z [2] URL Location: npm
2024-09-23T03:52:05.629Z [2] parseNpmLink return: express
2024-09-23T03:52:05.739Z [2] getGitHubFromNpmAxios return: https://github.com/expressjs/express.git
2024-09-23T03:52:05.740Z [1] Analyzing repository: expressjs/express
2024-09-23T03:52:05.967Z [2] Responsiveness - Rate Limit: 5000
2024-09-23T03:52:05.968Z [2] Responsiveness - Cost: 1
2024-09-23T03:52:05.969Z [2] Responsiveness - Remaining: 4872
2024-09-23T03:52:05.969Z [2] Responsiveness - Reset At: 2024-09-23T04:38:58Z
2024-09-23T03:52:05.970Z [1] Responsiveness - Most recent commit: 13 days ago
2024-09-23T03:52:05.971Z [1] Responsiveness - Avg commit period: 1 days
2024-09-23T03:52:05.971Z [2] Responsiveness - Recency scaled: 1
2024-09-23T03:52:05.972Z [2] Responsiveness - Frequency scaled: 1
2024-09-23T03:52:05.973Z [1] Responsiveness: 1 (Latency: 0.232s)
2024-09-23T03:52:06.690Z [2] RampUpTime - Rate Limit: 5000
2024-09-23T03:52:06.691Z [2] RampUpTime - Cost: 1
2024-09-23T03:52:06.692Z [2] RampUpTime - Remaining: 4871
2024-09-23T03:52:06.692Z [2] RampUpTime - Reset At: 2024-09-23T04:38:58Z
2024-09-23T03:52:06.693Z [1] RampUpTime - Files: 169
2024-09-23T03:52:06.694Z [1] RampUpTime - Average file size: 4KB
2024-09-23T03:52:06.695Z [2] RampUpTime - Files scaled (0-1): 0.4440677966101695
2024-09-23T03:52:06.695Z [2] RampUpTime - Average file size scaled (0-1): 1
2024-09-23T03:52:06.696Z [1] RampUpTime: 0.722 (Latency: 0.723s)
2024-09-23T03:52:06.956Z [2] BusFactor - Rate Limit: 5000
2024-09-23T03:52:06.957Z [2] BusFactor - Cost: 1
2024-09-23T03:52:06.958Z [2] BusFactor - Remaining: 4870
2024-09-23T03:52:06.959Z [2] BusFactor - Reset At: 2024-09-23T04:38:58Z
2024-09-23T03:52:06.959Z [1] BusFactor - Authors: 10
2024-09-23T03:52:06.960Z [1] BusFactor: 1 (Latency: 0.264s)
2024-09-23T03:52:07.647Z [1] License - Reading license from LICENSE file
2024-09-23T03:52:07.649Z [2] License - License is compatible with LGPLv2.1
2024-09-23T03:52:07.649Z [1] License: 1 (Latency: 0.002s)
2024-09-23T03:52:07.653Z [2] Correctness - First commit: 2024-09-10T04:35:36.000Z
2024-09-23T03:52:07.654Z [2] Correctness -Last commit: 2024-09-10T04:35:36.000Z
2024-09-23T03:52:07.654Z [2] Correctness - Repository age: 1 days
2024-09-23T03:52:07.655Z [2] Correctness - Commits per day: 1
2024-09-23T03:52:07.656Z [1] Correctness: 0.2 (Latency: 0.006s)
2024-09-23T03:52:07.786Z [1] RampUpTime Weight: 0.15
2024-09-23T03:52:07.786Z [1] Correctness Weight: 0.2
2024-09-23T03:52:07.787Z [1] BusFactor Weight: 0.3
2024-09-23T03:52:07.788Z [1] Responsiveness Weight: 0.15
2024-09-23T03:52:07.788Z [1] License Weight: 0.2
2024-09-23T03:52:07.789Z [1] NetScore: 0.798 (Latency: 2.048s)
2024-09-23T03:52:07.968Z [2] Input URL: https://github.com/nullivex/nodist
2024-09-23T03:52:07.969Z [2] URL Location: Run
2024-09-23T03:52:07.970Z [1] Analyzing repository: nullivex/nodist
2024-09-23T03:52:08.247Z [2] Responsiveness - Rate Limit: 5000
2024-09-23T03:52:08.247Z [2] Responsiveness - Cost: 1
2024-09-23T03:52:08.248Z [2] Responsiveness - Remaining: 4869
2024-09-23T03:52:08.249Z [2] Responsiveness - Reset At: 2024-09-23T04:38:58Z
2024-09-23T03:52:08.249Z [1] Responsiveness - Most recent commit: 289 days ago
2024-09-23T03:52:08.250Z [1] Responsiveness - Avg commit period: 30 days
2024-09-23T03:52:08.251Z [2] Responsiveness - Recency scaled: 0.7456059204440333
2024-09-23T03:52:08.251Z [2] Responsiveness - Frequency scaled: 0.8230190861769809
2024-09-23T03:52:08.252Z [1] Responsiveness: 0.792 (Latency: 0.282s)
2024-09-23T03:52:08.501Z [2] RampUpTime - Rate Limit: 5000
2024-09-23T03:52:08.502Z [2] RampUpTime - Cost: 1
2024-09-23T03:52:08.502Z [2] RampUpTime - Remaining: 4868
2024-09-23T03:52:08.503Z [2] RampUpTime - Reset At: 2024-09-23T04:38:58Z
2024-09-23T03:52:08.504Z [1] RampUpTime - Files: 40
2024-09-23T03:52:08.505Z [1] RampUpTime - Average file size: 5KB
2024-09-23T03:52:08.505Z [2] RampUpTime - Files scaled (0-1): 0.8813559322033898
2024-09-23T03:52:08.506Z [2] RampUpTime - Average file size scaled (0-1): 1
2024-09-23T03:52:08.507Z [1] RampUpTime: 0.941 (Latency: 0.254s)
2024-09-23T03:52:08.780Z [2] BusFactor - Rate Limit: 5000
2024-09-23T03:52:08.781Z [2] BusFactor - Cost: 1
2024-09-23T03:52:08.781Z [2] BusFactor - Remaining: 4867
2024-09-23T03:52:08.782Z [2] BusFactor - Reset At: 2024-09-23T04:38:58Z
2024-09-23T03:52:08.783Z [1] BusFactor - Authors: 11
2024-09-23T03:52:08.783Z [1] BusFactor: 1 (Latency: 0.276s)
2024-09-23T03:52:09.119Z [1] License - Reading license from README.md
2024-09-23T03:52:09.120Z [2] License - Extracting license from README.md
2024-09-23T03:52:09.121Z [1] License: 0 (Latency: 0.002s)
2024-09-23T03:52:09.124Z [2] Correctness - First commit: 2023-12-09T10:33:14.000Z
2024-09-23T03:52:09.125Z [2] Correctness -Last commit: 2023-12-09T10:33:14.000Z
2024-09-23T03:52:09.125Z [2] Correctness - Repository age: 1 days
2024-09-23T03:52:09.126Z [2] Correctness - Commits per day: 1
2024-09-23T03:52:09.127Z [1] Correctness: 0.2 (Latency: 0.005s)
2024-09-23T03:52:09.160Z [1] RampUpTime Weight: 0.15
2024-09-23T03:52:09.160Z [1] Correctness Weight: 0.2
2024-09-23T03:52:09.161Z [1] BusFactor Weight: 0.3
2024-09-23T03:52:09.162Z [1] Responsiveness Weight: 0.15
2024-09-23T03:52:09.162Z [1] License Weight: 0.2
2024-09-23T03:52:09.163Z [1] NetScore: 0.6 (Latency: 1.193s)
2024-09-23T03:52:09.339Z [2] Input URL: https://github.com/lodash/lodash
2024-09-23T03:52:09.340Z [2] URL Location: Run
2024-09-23T03:52:09.341Z [1] Analyzing repository: lodash/lodash
2024-09-23T03:52:09.638Z [2] Responsiveness - Rate Limit: 5000
2024-09-23T03:52:09.638Z [2] Responsiveness - Cost: 1
2024-09-23T03:52:09.639Z [2] Responsiveness - Remaining: 4866
2024-09-23T03:52:09.640Z [2] Responsiveness - Reset At: 2024-09-23T04:38:58Z
2024-09-23T03:52:09.641Z [1] Responsiveness - Most recent commit: 75 days ago
2024-09-23T03:52:09.641Z [1] Responsiveness - Avg commit period: 80 days
2024-09-23T03:52:09.642Z [2] Responsiveness - Recency scaled: 0.9435707678075855
2024-09-23T03:52:09.643Z [2] Responsiveness - Frequency scaled: 0.27125506072874495
2024-09-23T03:52:09.643Z [1] Responsiveness: 0.54 (Latency: 0.301s)
2024-09-23T03:52:11.343Z [2] RampUpTime - Rate Limit: 5000
2024-09-23T03:52:11.344Z [2] RampUpTime - Cost: 1
2024-09-23T03:52:11.345Z [2] RampUpTime - Remaining: 4865
2024-09-23T03:52:11.346Z [2] RampUpTime - Reset At: 2024-09-23T04:38:58Z
2024-09-23T03:52:11.346Z [1] RampUpTime - Files: 709
2024-09-23T03:52:11.347Z [1] RampUpTime - Average file size: 2KB
2024-09-23T03:52:11.348Z [2] RampUpTime - Files scaled (0-1): 0
2024-09-23T03:52:11.348Z [2] RampUpTime - Average file size scaled (0-1): 1
2024-09-23T03:52:11.349Z [1] RampUpTime: 0.5 (Latency: 1.705s)
2024-09-23T03:52:11.773Z [2] BusFactor - Rate Limit: 5000
2024-09-23T03:52:11.773Z [2] BusFactor - Cost: 1
2024-09-23T03:52:11.774Z [2] BusFactor - Remaining: 4864
2024-09-23T03:52:11.775Z [2] BusFactor - Reset At: 2024-09-23T04:38:58Z
2024-09-23T03:52:11.775Z [1] BusFactor - Authors: 23
2024-09-23T03:52:11.776Z [1] BusFactor: 1 (Latency: 0.427s)
2024-09-23T03:52:18.183Z [1] License - Reading license from LICENSE file
2024-09-23T03:52:18.184Z [2] License - License is compatible with LGPLv2.1
2024-09-23T03:52:18.185Z [1] License: 1 (Latency: 0.002s)
2024-09-23T03:52:18.189Z [2] Correctness - First commit: 2024-07-10T20:56:03.000Z
2024-09-23T03:52:18.190Z [2] Correctness -Last commit: 2024-07-10T20:56:03.000Z
2024-09-23T03:52:18.190Z [2] Correctness - Repository age: 1 days
2024-09-23T03:52:18.191Z [2] Correctness - Commits per day: 1
2024-09-23T03:52:18.192Z [1] Correctness: 0.2 (Latency: 0.007s)
2024-09-23T03:52:18.374Z [1] RampUpTime Weight: 0.15
2024-09-23T03:52:18.375Z [1] Correctness Weight: 0.2
2024-09-23T03:52:18.376Z [1] BusFactor Weight: 0.3
2024-09-23T03:52:18.376Z [1] Responsiveness Weight: 0.15
2024-09-23T03:52:18.377Z [1] License Weight: 0.2
2024-09-23T03:52:18.377Z [1] NetScore: 0.696 (Latency: 9.035s)
2024-09-23T03:52:18.552Z [2] Input URL: https://www.npmjs.com/package/browserify
2024-09-23T03:52:18.553Z [2] URL Location: npm
2024-09-23T03:52:18.554Z [2] parseNpmLink return: browserify
2024-09-23T03:52:18.642Z [2] getGitHubFromNpmAxios return: ssh://git@github.com/browserify/browserify.git
2024-09-23T03:52:18.642Z [1] Analyzing repository: browserify/browserify
2024-09-23T03:52:18.876Z [2] Responsiveness - Rate Limit: 5000
2024-09-23T03:52:18.877Z [2] Responsiveness - Cost: 1
2024-09-23T03:52:18.877Z [2] Responsiveness - Remaining: 4863
2024-09-23T03:52:18.878Z [2] Responsiveness - Reset At: 2024-09-23T04:38:58Z
2024-09-23T03:52:18.879Z [1] Responsiveness - Most recent commit: 338 days ago
2024-09-23T03:52:18.879Z [1] Responsiveness - Avg commit period: 68 days
2024-09-23T03:52:18.880Z [2] Responsiveness - Recency scaled: 0.700277520814061
2024-09-23T03:52:18.881Z [2] Responsiveness - Frequency scaled: 0.40370156159629855
2024-09-23T03:52:18.881Z [1] Responsiveness: 0.522 (Latency: 0.238s)
2024-09-23T03:52:20.062Z [2] RampUpTime - Rate Limit: 5000
2024-09-23T03:52:20.063Z [2] RampUpTime - Cost: 1
2024-09-23T03:52:20.064Z [2] RampUpTime - Remaining: 4862
2024-09-23T03:52:20.064Z [2] RampUpTime - Reset At: 2024-09-23T04:38:58Z
2024-09-23T03:52:20.065Z [1] RampUpTime - Files: 333
2024-09-23T03:52:20.066Z [1] RampUpTime - Average file size: 1KB
2024-09-23T03:52:20.066Z [2] RampUpTime - Files scaled (0-1): 0
2024-09-23T03:52:20.067Z [2] RampUpTime - Average file size scaled (0-1): 1
2024-09-23T03:52:20.068Z [1] RampUpTime: 0.5 (Latency: 1.186s)
2024-09-23T03:52:20.328Z [2] BusFactor - Rate Limit: 5000
2024-09-23T03:52:20.329Z [2] BusFactor - Cost: 1
2024-09-23T03:52:20.329Z [2] BusFactor - Remaining: 4861
2024-09-23T03:52:20.330Z [2] BusFactor - Reset At: 2024-09-23T04:38:58Z
2024-09-23T03:52:20.331Z [1] BusFactor - Authors: 7
2024-09-23T03:52:20.331Z [1] BusFactor: 1 (Latency: 0.263s)
2024-09-23T03:52:21.853Z [1] License - Reading license from LICENSE file
2024-09-23T03:52:21.855Z [2] License - License is compatible with LGPLv2.1
2024-09-23T03:52:21.855Z [1] License: 1 (Latency: 0.002s)
2024-09-23T03:52:21.869Z [2] Correctness - First commit: 2023-10-21T07:13:09.000Z
2024-09-23T03:52:21.869Z [2] Correctness -Last commit: 2023-10-21T07:13:09.000Z
2024-09-23T03:52:21.870Z [2] Correctness - Repository age: 1 days
2024-09-23T03:52:21.871Z [2] Correctness - Commits per day: 1
2024-09-23T03:52:21.871Z [1] Correctness: 0.2 (Latency: 0.015s)
2024-09-23T03:52:22.173Z [1] RampUpTime Weight: 0.15
2024-09-23T03:52:22.174Z [1] Correctness Weight: 0.2
2024-09-23T03:52:22.174Z [1] BusFactor Weight: 0.3
2024-09-23T03:52:22.175Z [1] Responsiveness Weight: 0.15
2024-09-23T03:52:22.175Z [1] License Weight: 0.2
2024-09-23T03:52:22.176Z [1] NetScore: 0.693 (Latency: 3.533s)
2024-09-23T03:53:07.057Z [2] Input URL: https://github.com/cloudinary/cloudinary_npm
2024-09-23T03:53:07.058Z [2] URL Location: Run
2024-09-23T03:53:07.059Z [1] Analyzing repository: cloudinary/cloudinary_npm
2024-09-23T03:53:07.307Z [2] Responsiveness - Rate Limit: 5000
2024-09-23T03:53:07.307Z [2] Responsiveness - Cost: 1
2024-09-23T03:53:07.308Z [2] Responsiveness - Remaining: 4860
2024-09-23T03:53:07.309Z [2] Responsiveness - Reset At: 2024-09-23T04:38:58Z
2024-09-23T03:53:07.309Z [1] Responsiveness - Most recent commit: 8 days ago
2024-09-23T03:53:07.310Z [1] Responsiveness - Avg commit period: 9 days
2024-09-23T03:53:07.311Z [2] Responsiveness - Recency scaled: 1
2024-09-23T03:53:07.311Z [2] Responsiveness - Frequency scaled: 1
2024-09-23T03:53:07.312Z [1] Responsiveness: 1 (Latency: 0.253s)
2024-09-23T03:53:07.648Z [2] RampUpTime - Rate Limit: 5000
2024-09-23T03:53:07.649Z [2] RampUpTime - Cost: 1
2024-09-23T03:53:07.650Z [2] RampUpTime - Remaining: 4859
2024-09-23T03:53:07.650Z [2] RampUpTime - Reset At: 2024-09-23T04:38:58Z
2024-09-23T03:53:07.651Z [1] RampUpTime - Files: 92
2024-09-23T03:53:07.652Z [1] RampUpTime - Average file size: 447KB
2024-09-23T03:53:07.652Z [2] RampUpTime - Files scaled (0-1): 0.7050847457627119
2024-09-23T03:53:07.653Z [2] RampUpTime - Average file size scaled (0-1): 0.5588048967940272
2024-09-23T03:53:07.653Z [1] RampUpTime: 0.632 (Latency: 0.34s)
2024-09-23T03:53:07.886Z [2] BusFactor - Rate Limit: 5000
2024-09-23T03:53:07.887Z [2] BusFactor - Cost: 1
2024-09-23T03:53:07.888Z [2] BusFactor - Remaining: 4858
2024-09-23T03:53:07.888Z [2] BusFactor - Reset At: 2024-09-23T04:38:58Z
2024-09-23T03:53:07.889Z [1] BusFactor - Authors: 3
2024-09-23T03:53:07.889Z [1] BusFactor: 0.5 (Latency: 0.235s)
2024-09-23T03:53:12.741Z [1] License - Reading license from README.md
2024-09-23T03:53:12.744Z [2] License - Extracting license from README.md
2024-09-23T03:53:12.747Z [1] License: 0 (Latency: 0.006s)
2024-09-23T03:53:12.822Z [2] Correctness - First commit: 2024-09-15T12:12:21.000Z
2024-09-23T03:53:12.823Z [2] Correctness -Last commit: 2024-09-15T12:12:21.000Z
2024-09-23T03:53:12.824Z [2] Correctness - Repository age: 1 days
2024-09-23T03:53:12.825Z [2] Correctness - Commits per day: 1
2024-09-23T03:53:12.825Z [1] Correctness: 0.2 (Latency: 0.077s)
2024-09-23T03:53:13.010Z [1] RampUpTime Weight: 0.15
2024-09-23T03:53:13.011Z [1] Correctness Weight: 0.2
2024-09-23T03:53:13.012Z [1] BusFactor Weight: 0.3
2024-09-23T03:53:13.013Z [1] Responsiveness Weight: 0.15
2024-09-23T03:53:13.013Z [1] License Weight: 0.2
2024-09-23T03:53:13.014Z [1] NetScore: 0.435 (Latency: 5.955s)
2024-09-23T03:53:13.254Z [2] Input URL: https://www.npmjs.com/package/express
2024-09-23T03:53:13.255Z [2] URL Location: npm
2024-09-23T03:53:13.255Z [2] parseNpmLink return: express
2024-09-23T03:53:13.361Z [2] getGitHubFromNpmAxios return: https://github.com/expressjs/express.git
2024-09-23T03:53:13.362Z [1] Analyzing repository: expressjs/express
2024-09-23T03:53:13.633Z [2] Responsiveness - Rate Limit: 5000
2024-09-23T03:53:13.634Z [2] Responsiveness - Cost: 1
2024-09-23T03:53:13.635Z [2] Responsiveness - Remaining: 4857
2024-09-23T03:53:13.635Z [2] Responsiveness - Reset At: 2024-09-23T04:38:58Z
2024-09-23T03:53:13.636Z [1] Responsiveness - Most recent commit: 13 days ago
2024-09-23T03:53:13.637Z [1] Responsiveness - Avg commit period: 1 days
2024-09-23T03:53:13.637Z [2] Responsiveness - Recency scaled: 1
2024-09-23T03:53:13.638Z [2] Responsiveness - Frequency scaled: 1
2024-09-23T03:53:13.639Z [1] Responsiveness: 1 (Latency: 0.276s)
2024-09-23T03:53:14.256Z [2] RampUpTime - Rate Limit: 5000
2024-09-23T03:53:14.257Z [2] RampUpTime - Cost: 1
2024-09-23T03:53:14.257Z [2] RampUpTime - Remaining: 4856
2024-09-23T03:53:14.258Z [2] RampUpTime - Reset At: 2024-09-23T04:38:58Z
2024-09-23T03:53:14.259Z [1] RampUpTime - Files: 169
2024-09-23T03:53:14.259Z [1] RampUpTime - Average file size: 4KB
2024-09-23T03:53:14.260Z [2] RampUpTime - Files scaled (0-1): 0.4440677966101695
2024-09-23T03:53:14.260Z [2] RampUpTime - Average file size scaled (0-1): 1
2024-09-23T03:53:14.261Z [1] RampUpTime: 0.722 (Latency: 0.622s)
2024-09-23T03:53:14.591Z [2] BusFactor - Rate Limit: 5000
2024-09-23T03:53:14.592Z [2] BusFactor - Cost: 1
2024-09-23T03:53:14.593Z [2] BusFactor - Remaining: 4855
2024-09-23T03:53:14.594Z [2] BusFactor - Reset At: 2024-09-23T04:38:58Z
2024-09-23T03:53:14.594Z [1] BusFactor - Authors: 10
2024-09-23T03:53:14.595Z [1] BusFactor: 1 (Latency: 0.333s)
2024-09-23T03:53:15.609Z [1] License - Reading license from LICENSE file
2024-09-23T03:53:15.610Z [2] License - License is compatible with LGPLv2.1
2024-09-23T03:53:15.611Z [1] License: 1 (Latency: 0.002s)
2024-09-23T03:53:15.614Z [2] Correctness - First commit: 2024-09-10T04:35:36.000Z
2024-09-23T03:53:15.615Z [2] Correctness -Last commit: 2024-09-10T04:35:36.000Z
2024-09-23T03:53:15.616Z [2] Correctness - Repository age: 1 days
2024-09-23T03:53:15.617Z [2] Correctness - Commits per day: 1
2024-09-23T03:53:15.617Z [1] Correctness: 0.2 (Latency: 0.006s)
2024-09-23T03:53:15.763Z [1] RampUpTime Weight: 0.15
2024-09-23T03:53:15.764Z [1] Correctness Weight: 0.2
2024-09-23T03:53:15.765Z [1] BusFactor Weight: 0.3
2024-09-23T03:53:15.765Z [1] Responsiveness Weight: 0.15
2024-09-23T03:53:15.766Z [1] License Weight: 0.2
2024-09-23T03:53:15.767Z [1] NetScore: 0.798 (Latency: 2.404s)
2024-09-23T03:53:15.945Z [2] Input URL: https://github.com/nullivex/nodist
2024-09-23T03:53:15.946Z [2] URL Location: Run
2024-09-23T03:53:15.947Z [1] Analyzing repository: nullivex/nodist
2024-09-23T03:53:16.163Z [2] Responsiveness - Rate Limit: 5000
2024-09-23T03:53:16.164Z [2] Responsiveness - Cost: 1
2024-09-23T03:53:16.165Z [2] Responsiveness - Remaining: 4854
2024-09-23T03:53:16.166Z [2] Responsiveness - Reset At: 2024-09-23T04:38:58Z
2024-09-23T03:53:16.166Z [1] Responsiveness - Most recent commit: 289 days ago
2024-09-23T03:53:16.167Z [1] Responsiveness - Avg commit period: 30 days
2024-09-23T03:53:16.168Z [2] Responsiveness - Recency scaled: 0.7456059204440333
2024-09-23T03:53:16.168Z [2] Responsiveness - Frequency scaled: 0.8230190861769809
2024-09-23T03:53:16.169Z [1] Responsiveness: 0.792 (Latency: 0.222s)
2024-09-23T03:53:16.506Z [2] RampUpTime - Rate Limit: 5000
2024-09-23T03:53:16.507Z [2] RampUpTime - Cost: 1
2024-09-23T03:53:16.507Z [2] RampUpTime - Remaining: 4853
2024-09-23T03:53:16.508Z [2] RampUpTime - Reset At: 2024-09-23T04:38:58Z
2024-09-23T03:53:16.508Z [1] RampUpTime - Files: 40
2024-09-23T03:53:16.509Z [1] RampUpTime - Average file size: 5KB
2024-09-23T03:53:16.510Z [2] RampUpTime - Files scaled (0-1): 0.8813559322033898
2024-09-23T03:53:16.510Z [2] RampUpTime - Average file size scaled (0-1): 1
2024-09-23T03:53:16.511Z [1] RampUpTime: 0.941 (Latency: 0.341s)
2024-09-23T03:53:16.851Z [2] BusFactor - Rate Limit: 5000
2024-09-23T03:53:16.852Z [2] BusFactor - Cost: 1
2024-09-23T03:53:16.853Z [2] BusFactor - Remaining: 4852
2024-09-23T03:53:16.853Z [2] BusFactor - Reset At: 2024-09-23T04:38:58Z
2024-09-23T03:53:16.854Z [1] BusFactor - Authors: 11
2024-09-23T03:53:16.855Z [1] BusFactor: 1 (Latency: 0.344s)
2024-09-23T03:53:17.354Z [1] License - Reading license from README.md
2024-09-23T03:53:17.355Z [2] License - Extracting license from README.md
2024-09-23T03:53:17.356Z [1] License: 0 (Latency: 0.002s)
2024-09-23T03:53:17.360Z [2] Correctness - First commit: 2023-12-09T10:33:14.000Z
2024-09-23T03:53:17.361Z [2] Correctness -Last commit: 2023-12-09T10:33:14.000Z
2024-09-23T03:53:17.361Z [2] Correctness - Repository age: 1 days
2024-09-23T03:53:17.362Z [2] Correctness - Commits per day: 1
2024-09-23T03:53:17.362Z [1] Correctness: 0.2 (Latency: 0.005s)
2024-09-23T03:53:17.398Z [1] RampUpTime Weight: 0.15
2024-09-23T03:53:17.398Z [1] Correctness Weight: 0.2
2024-09-23T03:53:17.399Z [1] BusFactor Weight: 0.3
2024-09-23T03:53:17.400Z [1] Responsiveness Weight: 0.15
2024-09-23T03:53:17.400Z [1] License Weight: 0.2
2024-09-23T03:53:17.401Z [1] NetScore: 0.6 (Latency: 1.454s)
2024-09-23T03:53:17.578Z [2] Input URL: https://github.com/lodash/lodash
2024-09-23T03:53:17.579Z [2] URL Location: Run
2024-09-23T03:53:17.580Z [1] Analyzing repository: lodash/lodash
2024-09-23T03:53:17.842Z [2] Responsiveness - Rate Limit: 5000
2024-09-23T03:53:17.843Z [2] Responsiveness - Cost: 1
2024-09-23T03:53:17.843Z [2] Responsiveness - Remaining: 4851
2024-09-23T03:53:17.844Z [2] Responsiveness - Reset At: 2024-09-23T04:38:58Z
2024-09-23T03:53:17.845Z [1] Responsiveness - Most recent commit: 75 days ago
2024-09-23T03:53:17.845Z [1] Responsiveness - Avg commit period: 80 days
2024-09-23T03:53:17.846Z [2] Responsiveness - Recency scaled: 0.9435707678075855
2024-09-23T03:53:17.847Z [2] Responsiveness - Frequency scaled: 0.27125506072874495
2024-09-23T03:53:17.847Z [1] Responsiveness: 0.54 (Latency: 0.266s)
2024-09-23T03:53:19.077Z [2] RampUpTime - Rate Limit: 5000
2024-09-23T03:53:19.078Z [2] RampUpTime - Cost: 1
2024-09-23T03:53:19.078Z [2] RampUpTime - Remaining: 4850
2024-09-23T03:53:19.079Z [2] RampUpTime - Reset At: 2024-09-23T04:38:58Z
2024-09-23T03:53:19.080Z [1] RampUpTime - Files: 709
2024-09-23T03:53:19.081Z [1] RampUpTime - Average file size: 2KB
2024-09-23T03:53:19.081Z [2] RampUpTime - Files scaled (0-1): 0
2024-09-23T03:53:19.082Z [2] RampUpTime - Average file size scaled (0-1): 1
2024-09-23T03:53:19.083Z [1] RampUpTime: 0.5 (Latency: 1.235s)
2024-09-23T03:53:19.465Z [2] BusFactor - Rate Limit: 5000
2024-09-23T03:53:19.466Z [2] BusFactor - Cost: 1
2024-09-23T03:53:19.467Z [2] BusFactor - Remaining: 4849
2024-09-23T03:53:19.467Z [2] BusFactor - Reset At: 2024-09-23T04:38:58Z
2024-09-23T03:53:19.468Z [1] BusFactor - Authors: 23
2024-09-23T03:53:19.469Z [1] BusFactor: 1 (Latency: 0.386s)
2024-09-23T03:53:21.123Z [1] License - Reading license from LICENSE file
2024-09-23T03:53:21.124Z [2] License - License is compatible with LGPLv2.1
2024-09-23T03:53:21.124Z [1] License: 1 (Latency: 0.002s)
2024-09-23T03:53:21.129Z [2] Correctness - First commit: 2024-07-10T20:56:03.000Z
2024-09-23T03:53:21.129Z [2] Correctness -Last commit: 2024-07-10T20:56:03.000Z
2024-09-23T03:53:21.130Z [2] Correctness - Repository age: 1 days
2024-09-23T03:53:21.131Z [2] Correctness - Commits per day: 1
2024-09-23T03:53:21.131Z [1] Correctness: 0.2 (Latency: 0.006s)
2024-09-23T03:53:21.319Z [1] RampUpTime Weight: 0.15
2024-09-23T03:53:21.320Z [1] Correctness Weight: 0.2
2024-09-23T03:53:21.320Z [1] BusFactor Weight: 0.3
2024-09-23T03:53:21.321Z [1] Responsiveness Weight: 0.15
2024-09-23T03:53:21.322Z [1] License Weight: 0.2
2024-09-23T03:53:21.322Z [1] NetScore: 0.696 (Latency: 3.741s)
2024-09-23T03:53:21.500Z [2] Input URL: https://www.npmjs.com/package/browserify
2024-09-23T03:53:21.501Z [2] URL Location: npm
2024-09-23T03:53:21.501Z [2] parseNpmLink return: browserify
2024-09-23T03:53:21.588Z [2] getGitHubFromNpmAxios return: ssh://git@github.com/browserify/browserify.git
2024-09-23T03:53:21.589Z [1] Analyzing repository: browserify/browserify
2024-09-23T03:53:21.794Z [2] Responsiveness - Rate Limit: 5000
2024-09-23T03:53:21.795Z [2] Responsiveness - Cost: 1
2024-09-23T03:53:21.796Z [2] Responsiveness - Remaining: 4848
2024-09-23T03:53:21.796Z [2] Responsiveness - Reset At: 2024-09-23T04:38:58Z
2024-09-23T03:53:21.797Z [1] Responsiveness - Most recent commit: 338 days ago
2024-09-23T03:53:21.798Z [1] Responsiveness - Avg commit period: 68 days
2024-09-23T03:53:21.798Z [2] Responsiveness - Recency scaled: 0.700277520814061
2024-09-23T03:53:21.799Z [2] Responsiveness - Frequency scaled: 0.40370156159629855
2024-09-23T03:53:21.800Z [1] Responsiveness: 0.522 (Latency: 0.21s)
2024-09-23T03:53:22.690Z [2] RampUpTime - Rate Limit: 5000
2024-09-23T03:53:22.690Z [2] RampUpTime - Cost: 1
2024-09-23T03:53:22.691Z [2] RampUpTime - Remaining: 4847
2024-09-23T03:53:22.692Z [2] RampUpTime - Reset At: 2024-09-23T04:38:58Z
2024-09-23T03:53:22.692Z [1] RampUpTime - Files: 333
2024-09-23T03:53:22.693Z [1] RampUpTime - Average file size: 1KB
2024-09-23T03:53:22.693Z [2] RampUpTime - Files scaled (0-1): 0
2024-09-23T03:53:22.694Z [2] RampUpTime - Average file size scaled (0-1): 1
2024-09-23T03:53:22.695Z [1] RampUpTime: 0.5 (Latency: 0.895s)
2024-09-23T03:53:22.942Z [2] BusFactor - Rate Limit: 5000
2024-09-23T03:53:22.942Z [2] BusFactor - Cost: 1
2024-09-23T03:53:22.943Z [2] BusFactor - Remaining: 4846
2024-09-23T03:53:22.944Z [2] BusFactor - Reset At: 2024-09-23T04:38:58Z
2024-09-23T03:53:22.944Z [1] BusFactor - Authors: 7
2024-09-23T03:53:22.945Z [1] BusFactor: 1 (Latency: 0.25s)
2024-09-23T03:53:26.279Z [1] License - Reading license from LICENSE file
2024-09-23T03:53:26.280Z [2] License - License is compatible with LGPLv2.1
2024-09-23T03:53:26.281Z [1] License: 1 (Latency: 0.002s)
2024-09-23T03:53:26.285Z [2] Correctness - First commit: 2023-10-21T07:13:09.000Z
2024-09-23T03:53:26.285Z [2] Correctness -Last commit: 2023-10-21T07:13:09.000Z
2024-09-23T03:53:26.286Z [2] Correctness - Repository age: 1 days
2024-09-23T03:53:26.287Z [2] Correctness - Commits per day: 1
2024-09-23T03:53:26.287Z [1] Correctness: 0.2 (Latency: 0.006s)
2024-09-23T03:53:26.582Z [1] RampUpTime Weight: 0.15
2024-09-23T03:53:26.583Z [1] Correctness Weight: 0.2
2024-09-23T03:53:26.584Z [1] BusFactor Weight: 0.3
2024-09-23T03:53:26.584Z [1] Responsiveness Weight: 0.15
2024-09-23T03:53:26.585Z [1] License Weight: 0.2
2024-09-23T03:53:26.585Z [1] NetScore: 0.693 (Latency: 4.996s)
2024-09-23T03:53:49.414Z [2] Input URL: https://github.com/cloudinary/cloudinary_npm
2024-09-23T03:53:49.415Z [2] URL Location: Run
2024-09-23T03:53:49.416Z [1] Analyzing repository: cloudinary/cloudinary_npm
2024-09-23T03:53:49.693Z [2] Responsiveness - Rate Limit: 5000
2024-09-23T03:53:49.693Z [2] Responsiveness - Cost: 1
2024-09-23T03:53:49.694Z [2] Responsiveness - Remaining: 4845
2024-09-23T03:53:49.695Z [2] Responsiveness - Reset At: 2024-09-23T04:38:58Z
2024-09-23T03:53:49.696Z [1] Responsiveness - Most recent commit: 8 days ago
2024-09-23T03:53:49.696Z [1] Responsiveness - Avg commit period: 9 days
2024-09-23T03:53:49.697Z [2] Responsiveness - Recency scaled: 1
2024-09-23T03:53:49.697Z [2] Responsiveness - Frequency scaled: 1
2024-09-23T03:53:49.698Z [1] Responsiveness: 1 (Latency: 0.281s)
2024-09-23T03:53:50.100Z [2] RampUpTime - Rate Limit: 5000
2024-09-23T03:53:50.100Z [2] RampUpTime - Cost: 1
2024-09-23T03:53:50.101Z [2] RampUpTime - Remaining: 4844
2024-09-23T03:53:50.102Z [2] RampUpTime - Reset At: 2024-09-23T04:38:58Z
2024-09-23T03:53:50.102Z [1] RampUpTime - Files: 92
2024-09-23T03:53:50.103Z [1] RampUpTime - Average file size: 447KB
2024-09-23T03:53:50.104Z [2] RampUpTime - Files scaled (0-1): 0.7050847457627119
2024-09-23T03:53:50.104Z [2] RampUpTime - Average file size scaled (0-1): 0.5588048967940272
2024-09-23T03:53:50.105Z [1] RampUpTime: 0.632 (Latency: 0.406s)
2024-09-23T03:53:50.381Z [2] BusFactor - Rate Limit: 5000
2024-09-23T03:53:50.382Z [2] BusFactor - Cost: 1
2024-09-23T03:53:50.383Z [2] BusFactor - Remaining: 4843
2024-09-23T03:53:50.383Z [2] BusFactor - Reset At: 2024-09-23T04:38:58Z
2024-09-23T03:53:50.384Z [1] BusFactor - Authors: 3
2024-09-23T03:53:50.385Z [1] BusFactor: 0.5 (Latency: 0.28s)
2024-09-23T03:53:53.923Z [1] License - Reading license from README.md
2024-09-23T03:53:53.924Z [2] License - Extracting license from README.md
2024-09-23T03:53:53.925Z [1] License: 0 (Latency: 0.003s)
2024-09-23T03:53:53.982Z [2] Correctness - First commit: 2024-09-15T12:12:21.000Z
2024-09-23T03:53:53.983Z [2] Correctness -Last commit: 2024-09-15T12:12:21.000Z
2024-09-23T03:53:53.983Z [2] Correctness - Repository age: 1 days
2024-09-23T03:53:53.984Z [2] Correctness - Commits per day: 1
2024-09-23T03:53:53.985Z [1] Correctness: 0.2 (Latency: 0.06s)
2024-09-23T03:53:54.113Z [1] RampUpTime Weight: 0.15
2024-09-23T03:53:54.113Z [1] Correctness Weight: 0.2
2024-09-23T03:53:54.114Z [1] BusFactor Weight: 0.3
2024-09-23T03:53:54.115Z [1] Responsiveness Weight: 0.15
2024-09-23T03:53:54.115Z [1] License Weight: 0.2
2024-09-23T03:53:54.116Z [1] NetScore: 0.435 (Latency: 4.699s)
2024-09-23T03:53:54.346Z [2] Input URL: https://www.npmjs.com/package/express
2024-09-23T03:53:54.347Z [2] URL Location: npm
2024-09-23T03:53:54.348Z [2] parseNpmLink return: express
2024-09-23T03:53:54.447Z [2] getGitHubFromNpmAxios return: https://github.com/expressjs/express.git
2024-09-23T03:53:54.448Z [1] Analyzing repository: expressjs/express
2024-09-23T03:53:54.703Z [2] Responsiveness - Rate Limit: 5000
2024-09-23T03:53:54.704Z [2] Responsiveness - Cost: 1
2024-09-23T03:53:54.705Z [2] Responsiveness - Remaining: 4842
2024-09-23T03:53:54.705Z [2] Responsiveness - Reset At: 2024-09-23T04:38:58Z
2024-09-23T03:53:54.706Z [1] Responsiveness - Most recent commit: 13 days ago
2024-09-23T03:53:54.707Z [1] Responsiveness - Avg commit period: 1 days
2024-09-23T03:53:54.707Z [2] Responsiveness - Recency scaled: 1
2024-09-23T03:53:54.708Z [2] Responsiveness - Frequency scaled: 1
2024-09-23T03:53:54.709Z [1] Responsiveness: 1 (Latency: 0.261s)
2024-09-23T03:53:55.312Z [2] RampUpTime - Rate Limit: 5000
2024-09-23T03:53:55.312Z [2] RampUpTime - Cost: 1
2024-09-23T03:53:55.313Z [2] RampUpTime - Remaining: 4841
2024-09-23T03:53:55.314Z [2] RampUpTime - Reset At: 2024-09-23T04:38:58Z
2024-09-23T03:53:55.314Z [1] RampUpTime - Files: 169
2024-09-23T03:53:55.315Z [1] RampUpTime - Average file size: 4KB
2024-09-23T03:53:55.316Z [2] RampUpTime - Files scaled (0-1): 0.4440677966101695
2024-09-23T03:53:55.316Z [2] RampUpTime - Average file size scaled (0-1): 1
2024-09-23T03:53:55.317Z [1] RampUpTime: 0.722 (Latency: 0.608s)
2024-09-23T03:53:55.589Z [2] BusFactor - Rate Limit: 5000
2024-09-23T03:53:55.590Z [2] BusFactor - Cost: 1
2024-09-23T03:53:55.590Z [2] BusFactor - Remaining: 4840
2024-09-23T03:53:55.591Z [2] BusFactor - Reset At: 2024-09-23T04:38:58Z
2024-09-23T03:53:55.592Z [1] BusFactor - Authors: 10
2024-09-23T03:53:55.592Z [1] BusFactor: 1 (Latency: 0.275s)
2024-09-23T03:53:57.062Z [1] License - Reading license from LICENSE file
2024-09-23T03:53:57.063Z [2] License - License is compatible with LGPLv2.1
2024-09-23T03:53:57.064Z [1] License: 1 (Latency: 0.002s)
2024-09-23T03:53:57.067Z [2] Correctness - First commit: 2024-09-10T04:35:36.000Z
2024-09-23T03:53:57.068Z [2] Correctness -Last commit: 2024-09-10T04:35:36.000Z
2024-09-23T03:53:57.069Z [2] Correctness - Repository age: 1 days
2024-09-23T03:53:57.069Z [2] Correctness - Commits per day: 1
2024-09-23T03:53:57.070Z [1] Correctness: 0.2 (Latency: 0.005s)
2024-09-23T03:53:57.192Z [1] RampUpTime Weight: 0.15
2024-09-23T03:53:57.192Z [1] Correctness Weight: 0.2
2024-09-23T03:53:57.193Z [1] BusFactor Weight: 0.3
2024-09-23T03:53:57.194Z [1] Responsiveness Weight: 0.15
2024-09-23T03:53:57.194Z [1] License Weight: 0.2
2024-09-23T03:53:57.195Z [1] NetScore: 0.798 (Latency: 2.747s)
2024-09-23T03:53:57.375Z [2] Input URL: https://github.com/nullivex/nodist
2024-09-23T03:53:57.376Z [2] URL Location: Run
2024-09-23T03:53:57.377Z [1] Analyzing repository: nullivex/nodist
2024-09-23T03:53:57.620Z [2] Responsiveness - Rate Limit: 5000
2024-09-23T03:53:57.621Z [2] Responsiveness - Cost: 1
2024-09-23T03:53:57.622Z [2] Responsiveness - Remaining: 4839
2024-09-23T03:53:57.622Z [2] Responsiveness - Reset At: 2024-09-23T04:38:58Z
2024-09-23T03:53:57.623Z [1] Responsiveness - Most recent commit: 289 days ago
2024-09-23T03:53:57.624Z [1] Responsiveness - Avg commit period: 30 days
2024-09-23T03:53:57.624Z [2] Responsiveness - Recency scaled: 0.7456059204440333
2024-09-23T03:53:57.625Z [2] Responsiveness - Frequency scaled: 0.8230190861769809
2024-09-23T03:53:57.625Z [1] Responsiveness: 0.792 (Latency: 0.248s)
2024-09-23T03:53:57.863Z [2] RampUpTime - Rate Limit: 5000
2024-09-23T03:53:57.864Z [2] RampUpTime - Cost: 1
2024-09-23T03:53:57.865Z [2] RampUpTime - Remaining: 4838
2024-09-23T03:53:57.865Z [2] RampUpTime - Reset At: 2024-09-23T04:38:58Z
2024-09-23T03:53:57.866Z [1] RampUpTime - Files: 40
2024-09-23T03:53:57.867Z [1] RampUpTime - Average file size: 5KB
2024-09-23T03:53:57.867Z [2] RampUpTime - Files scaled (0-1): 0.8813559322033898
2024-09-23T03:53:57.868Z [2] RampUpTime - Average file size scaled (0-1): 1
2024-09-23T03:53:57.868Z [1] RampUpTime: 0.941 (Latency: 0.242s)
2024-09-23T03:53:58.170Z [2] BusFactor - Rate Limit: 5000
2024-09-23T03:53:58.171Z [2] BusFactor - Cost: 1
2024-09-23T03:53:58.172Z [2] BusFactor - Remaining: 4837
2024-09-23T03:53:58.172Z [2] BusFactor - Reset At: 2024-09-23T04:38:58Z
2024-09-23T03:53:58.173Z [1] BusFactor - Authors: 11
2024-09-23T03:53:58.174Z [1] BusFactor: 1 (Latency: 0.305s)
2024-09-23T03:53:58.637Z [1] License - Reading license from README.md
2024-09-23T03:53:58.642Z [2] License - Extracting license from README.md
2024-09-23T03:53:58.644Z [1] License: 0 (Latency: 0.008s)
2024-09-23T03:53:58.648Z [2] Correctness - First commit: 2023-12-09T10:33:14.000Z
2024-09-23T03:53:58.653Z [2] Correctness -Last commit: 2023-12-09T10:33:14.000Z
2024-09-23T03:53:58.657Z [2] Correctness - Repository age: 1 days
2024-09-23T03:53:58.660Z [2] Correctness - Commits per day: 1
2024-09-23T03:53:58.662Z [1] Correctness: 0.2 (Latency: 0.017s)
2024-09-23T03:53:58.705Z [1] RampUpTime Weight: 0.15
2024-09-23T03:53:58.705Z [1] Correctness Weight: 0.2
2024-09-23T03:53:58.706Z [1] BusFactor Weight: 0.3
2024-09-23T03:53:58.707Z [1] Responsiveness Weight: 0.15
2024-09-23T03:53:58.707Z [1] License Weight: 0.2
2024-09-23T03:53:58.708Z [1] NetScore: 0.6 (Latency: 1.331s)
2024-09-23T03:53:58.886Z [2] Input URL: https://github.com/lodash/lodash
2024-09-23T03:53:58.887Z [2] URL Location: Run
2024-09-23T03:53:58.887Z [1] Analyzing repository: lodash/lodash
2024-09-23T03:53:59.218Z [2] Responsiveness - Rate Limit: 5000
2024-09-23T03:53:59.218Z [2] Responsiveness - Cost: 1
2024-09-23T03:53:59.219Z [2] Responsiveness - Remaining: 4836
2024-09-23T03:53:59.220Z [2] Responsiveness - Reset At: 2024-09-23T04:38:58Z
2024-09-23T03:53:59.220Z [1] Responsiveness - Most recent commit: 75 days ago
2024-09-23T03:53:59.221Z [1] Responsiveness - Avg commit period: 80 days
2024-09-23T03:53:59.222Z [2] Responsiveness - Recency scaled: 0.9435707678075855
2024-09-23T03:53:59.222Z [2] Responsiveness - Frequency scaled: 0.27125506072874495
2024-09-23T03:53:59.223Z [1] Responsiveness: 0.54 (Latency: 0.335s)
2024-09-23T03:54:00.763Z [2] RampUpTime - Rate Limit: 5000
2024-09-23T03:54:00.763Z [2] RampUpTime - Cost: 1
2024-09-23T03:54:00.764Z [2] RampUpTime - Remaining: 4835
2024-09-23T03:54:00.765Z [2] RampUpTime - Reset At: 2024-09-23T04:38:58Z
2024-09-23T03:54:00.765Z [1] RampUpTime - Files: 709
2024-09-23T03:54:00.766Z [1] RampUpTime - Average file size: 2KB
2024-09-23T03:54:00.767Z [2] RampUpTime - Files scaled (0-1): 0
2024-09-23T03:54:00.767Z [2] RampUpTime - Average file size scaled (0-1): 1
2024-09-23T03:54:00.768Z [1] RampUpTime: 0.5 (Latency: 1.544s)
2024-09-23T03:54:01.133Z [2] BusFactor - Rate Limit: 5000
2024-09-23T03:54:01.134Z [2] BusFactor - Cost: 1
2024-09-23T03:54:01.135Z [2] BusFactor - Remaining: 4834
2024-09-23T03:54:01.135Z [2] BusFactor - Reset At: 2024-09-23T04:38:58Z
2024-09-23T03:54:01.136Z [1] BusFactor - Authors: 23
2024-09-23T03:54:01.136Z [1] BusFactor: 1 (Latency: 0.368s)
2024-09-23T03:54:06.355Z [1] License - Reading license from LICENSE file
2024-09-23T03:54:06.356Z [2] License - License is compatible with LGPLv2.1
2024-09-23T03:54:06.356Z [1] License: 1 (Latency: 0.002s)
2024-09-23T03:54:06.361Z [2] Correctness - First commit: 2024-07-10T20:56:03.000Z
2024-09-23T03:54:06.362Z [2] Correctness -Last commit: 2024-07-10T20:56:03.000Z
2024-09-23T03:54:06.362Z [2] Correctness - Repository age: 1 days
2024-09-23T03:54:06.363Z [2] Correctness - Commits per day: 1
2024-09-23T03:54:06.364Z [1] Correctness: 0.2 (Latency: 0.007s)
2024-09-23T03:54:06.556Z [1] RampUpTime Weight: 0.15
2024-09-23T03:54:06.557Z [1] Correctness Weight: 0.2
2024-09-23T03:54:06.558Z [1] BusFactor Weight: 0.3
2024-09-23T03:54:06.559Z [1] Responsiveness Weight: 0.15
2024-09-23T03:54:06.561Z [1] License Weight: 0.2
2024-09-23T03:54:06.562Z [1] NetScore: 0.696 (Latency: 7.674s)
2024-09-23T03:54:06.743Z [2] Input URL: https://www.npmjs.com/package/browserify
2024-09-23T03:54:06.744Z [2] URL Location: npm
2024-09-23T03:54:06.745Z [2] parseNpmLink return: browserify
2024-09-23T03:54:06.837Z [2] getGitHubFromNpmAxios return: ssh://git@github.com/browserify/browserify.git
2024-09-23T03:54:06.838Z [1] Analyzing repository: browserify/browserify
2024-09-23T03:54:07.035Z [2] Responsiveness - Rate Limit: 5000
2024-09-23T03:54:07.036Z [2] Responsiveness - Cost: 1
2024-09-23T03:54:07.036Z [2] Responsiveness - Remaining: 4833
2024-09-23T03:54:07.037Z [2] Responsiveness - Reset At: 2024-09-23T04:38:58Z
2024-09-23T03:54:07.038Z [1] Responsiveness - Most recent commit: 338 days ago
2024-09-23T03:54:07.038Z [1] Responsiveness - Avg commit period: 68 days
2024-09-23T03:54:07.039Z [2] Responsiveness - Recency scaled: 0.700277520814061
2024-09-23T03:54:07.039Z [2] Responsiveness - Frequency scaled: 0.40370156159629855
2024-09-23T03:54:07.040Z [1] Responsiveness: 0.522 (Latency: 0.202s)
2024-09-23T03:54:07.922Z [2] RampUpTime - Rate Limit: 5000
2024-09-23T03:54:07.923Z [2] RampUpTime - Cost: 1
2024-09-23T03:54:07.924Z [2] RampUpTime - Remaining: 4832
2024-09-23T03:54:07.924Z [2] RampUpTime - Reset At: 2024-09-23T04:38:58Z
2024-09-23T03:54:07.925Z [1] RampUpTime - Files: 333
2024-09-23T03:54:07.926Z [1] RampUpTime - Average file size: 1KB
2024-09-23T03:54:07.926Z [2] RampUpTime - Files scaled (0-1): 0
2024-09-23T03:54:07.927Z [2] RampUpTime - Average file size scaled (0-1): 1
2024-09-23T03:54:07.928Z [1] RampUpTime: 0.5 (Latency: 0.887s)
2024-09-23T03:54:08.185Z [2] BusFactor - Rate Limit: 5000
2024-09-23T03:54:08.186Z [2] BusFactor - Cost: 1
2024-09-23T03:54:08.186Z [2] BusFactor - Remaining: 4831
2024-09-23T03:54:08.187Z [2] BusFactor - Reset At: 2024-09-23T04:38:58Z
2024-09-23T03:54:08.188Z [1] BusFactor - Authors: 7
2024-09-23T03:54:08.188Z [1] BusFactor: 1 (Latency: 0.26s)
2024-09-23T03:54:10.876Z [1] License - Reading license from LICENSE file
2024-09-23T03:54:10.877Z [2] License - License is compatible with LGPLv2.1
2024-09-23T03:54:10.878Z [1] License: 1 (Latency: 0.002s)
2024-09-23T03:54:10.890Z [2] Correctness - First commit: 2023-10-21T07:13:09.000Z
2024-09-23T03:54:10.891Z [2] Correctness -Last commit: 2023-10-21T07:13:09.000Z
2024-09-23T03:54:10.892Z [2] Correctness - Repository age: 1 days
2024-09-23T03:54:10.892Z [2] Correctness - Commits per day: 1
2024-09-23T03:54:10.893Z [1] Correctness: 0.2 (Latency: 0.014s)
2024-09-23T03:54:11.208Z [1] RampUpTime Weight: 0.15
2024-09-23T03:54:11.209Z [1] Correctness Weight: 0.2
2024-09-23T03:54:11.210Z [1] BusFactor Weight: 0.3
2024-09-23T03:54:11.211Z [1] Responsiveness Weight: 0.15
2024-09-23T03:54:11.211Z [1] License Weight: 0.2
2024-09-23T03:54:11.212Z [1] NetScore: 0.693 (Latency: 4.374s)
2024-09-23T03:54:43.971Z [2] Input URL: https://github.com/cloudinary/cloudinary_npm
2024-09-23T03:54:43.972Z [2] URL Location: Run
2024-09-23T03:54:43.973Z [1] Analyzing repository: cloudinary/cloudinary_npm
2024-09-23T03:54:44.229Z [2] Responsiveness - Rate Limit: 5000
2024-09-23T03:54:44.230Z [2] Responsiveness - Cost: 1
2024-09-23T03:54:44.231Z [2] Responsiveness - Remaining: 4830
2024-09-23T03:54:44.231Z [2] Responsiveness - Reset At: 2024-09-23T04:38:58Z
2024-09-23T03:54:44.232Z [1] Responsiveness - Most recent commit: 8 days ago
2024-09-23T03:54:44.233Z [1] Responsiveness - Avg commit period: 9 days
2024-09-23T03:54:44.234Z [2] Responsiveness - Recency scaled: 1
2024-09-23T03:54:44.234Z [2] Responsiveness - Frequency scaled: 1
2024-09-23T03:54:44.235Z [1] Responsiveness: 1 (Latency: 0.261s)
2024-09-23T03:54:45.527Z [2] RampUpTime - Rate Limit: 5000
2024-09-23T03:54:45.528Z [2] RampUpTime - Cost: 1
2024-09-23T03:54:45.529Z [2] RampUpTime - Remaining: 4829
2024-09-23T03:54:45.530Z [2] RampUpTime - Reset At: 2024-09-23T04:38:58Z
2024-09-23T03:54:45.531Z [1] RampUpTime - Files: 92
2024-09-23T03:54:45.531Z [1] RampUpTime - Average file size: 447KB
2024-09-23T03:54:45.532Z [2] RampUpTime - Files scaled (0-1): 0.7050847457627119
2024-09-23T03:54:45.532Z [2] RampUpTime - Average file size scaled (0-1): 0.5588048967940272
2024-09-23T03:54:45.533Z [1] RampUpTime: 0.632 (Latency: 1.297s)
2024-09-23T03:54:45.787Z [2] BusFactor - Rate Limit: 5000
2024-09-23T03:54:45.788Z [2] BusFactor - Cost: 1
2024-09-23T03:54:45.789Z [2] BusFactor - Remaining: 4828
2024-09-23T03:54:45.789Z [2] BusFactor - Reset At: 2024-09-23T04:38:58Z
2024-09-23T03:54:45.790Z [1] BusFactor - Authors: 3
2024-09-23T03:54:45.791Z [1] BusFactor: 0.5 (Latency: 0.257s)
2024-09-23T03:54:49.380Z [1] License - Reading license from README.md
2024-09-23T03:54:49.382Z [2] License - Extracting license from README.md
2024-09-23T03:54:49.382Z [1] License: 0 (Latency: 0.002s)
2024-09-23T03:54:49.462Z [2] Correctness - First commit: 2024-09-15T12:12:21.000Z
2024-09-23T03:54:49.462Z [2] Correctness -Last commit: 2024-09-15T12:12:21.000Z
2024-09-23T03:54:49.463Z [2] Correctness - Repository age: 1 days
2024-09-23T03:54:49.464Z [2] Correctness - Commits per day: 1
2024-09-23T03:54:49.464Z [1] Correctness: 0.2 (Latency: 0.081s)
2024-09-23T03:54:49.594Z [1] RampUpTime Weight: 0.15
2024-09-23T03:54:49.594Z [1] Correctness Weight: 0.2
2024-09-23T03:54:49.595Z [1] BusFactor Weight: 0.3
2024-09-23T03:54:49.596Z [1] Responsiveness Weight: 0.15
2024-09-23T03:54:49.596Z [1] License Weight: 0.2
2024-09-23T03:54:49.597Z [1] NetScore: 0.435 (Latency: 5.623s)
2024-09-23T03:54:49.838Z [2] Input URL: https://www.npmjs.com/package/express
2024-09-23T03:54:49.839Z [2] URL Location: npm
2024-09-23T03:54:49.839Z [2] parseNpmLink return: express
2024-09-23T03:54:49.926Z [2] getGitHubFromNpmAxios return: https://github.com/expressjs/express.git
2024-09-23T03:54:49.926Z [1] Analyzing repository: expressjs/express
2024-09-23T03:54:50.154Z [2] Responsiveness - Rate Limit: 5000
2024-09-23T03:54:50.155Z [2] Responsiveness - Cost: 1
2024-09-23T03:54:50.155Z [2] Responsiveness - Remaining: 4827
2024-09-23T03:54:50.156Z [2] Responsiveness - Reset At: 2024-09-23T04:38:58Z
2024-09-23T03:54:50.157Z [1] Responsiveness - Most recent commit: 13 days ago
2024-09-23T03:54:50.157Z [1] Responsiveness - Avg commit period: 1 days
2024-09-23T03:54:50.158Z [2] Responsiveness - Recency scaled: 1
2024-09-23T03:54:50.158Z [2] Responsiveness - Frequency scaled: 1
2024-09-23T03:54:50.159Z [1] Responsiveness: 1 (Latency: 0.232s)
2024-09-23T03:54:50.822Z [2] RampUpTime - Rate Limit: 5000
2024-09-23T03:54:50.823Z [2] RampUpTime - Cost: 1
2024-09-23T03:54:50.824Z [2] RampUpTime - Remaining: 4826
2024-09-23T03:54:50.824Z [2] RampUpTime - Reset At: 2024-09-23T04:38:58Z
2024-09-23T03:54:50.825Z [1] RampUpTime - Files: 169
2024-09-23T03:54:50.826Z [1] RampUpTime - Average file size: 4KB
2024-09-23T03:54:50.826Z [2] RampUpTime - Files scaled (0-1): 0.4440677966101695
2024-09-23T03:54:50.827Z [2] RampUpTime - Average file size scaled (0-1): 1
2024-09-23T03:54:50.827Z [1] RampUpTime: 0.722 (Latency: 0.667s)
2024-09-23T03:54:51.182Z [2] BusFactor - Rate Limit: 5000
2024-09-23T03:54:51.183Z [2] BusFactor - Cost: 1
2024-09-23T03:54:51.184Z [2] BusFactor - Remaining: 4825
2024-09-23T03:54:51.184Z [2] BusFactor - Reset At: 2024-09-23T04:38:58Z
2024-09-23T03:54:51.185Z [1] BusFactor - Authors: 10
2024-09-23T03:54:51.186Z [1] BusFactor: 1 (Latency: 0.358s)
2024-09-23T03:54:52.381Z [1] License - Reading license from LICENSE file
2024-09-23T03:54:52.382Z [2] License - License is compatible with LGPLv2.1
2024-09-23T03:54:52.383Z [1] License: 1 (Latency: 0.002s)
2024-09-23T03:54:52.387Z [2] Correctness - First commit: 2024-09-10T04:35:36.000Z
2024-09-23T03:54:52.388Z [2] Correctness -Last commit: 2024-09-10T04:35:36.000Z
2024-09-23T03:54:52.389Z [2] Correctness - Repository age: 1 days
2024-09-23T03:54:52.389Z [2] Correctness - Commits per day: 1
2024-09-23T03:54:52.390Z [1] Correctness: 0.2 (Latency: 0.006s)
2024-09-23T03:54:52.513Z [1] RampUpTime Weight: 0.15
2024-09-23T03:54:52.514Z [1] Correctness Weight: 0.2
2024-09-23T03:54:52.515Z [1] BusFactor Weight: 0.3
2024-09-23T03:54:52.515Z [1] Responsiveness Weight: 0.15
2024-09-23T03:54:52.516Z [1] License Weight: 0.2
2024-09-23T03:54:52.516Z [1] NetScore: 0.798 (Latency: 2.589s)
2024-09-23T03:54:52.707Z [2] Input URL: https://github.com/nullivex/nodist
2024-09-23T03:54:52.708Z [2] URL Location: Run
2024-09-23T03:54:52.709Z [1] Analyzing repository: nullivex/nodist
2024-09-23T03:54:53.008Z [2] Responsiveness - Rate Limit: 5000
2024-09-23T03:54:53.009Z [2] Responsiveness - Cost: 1
2024-09-23T03:54:53.010Z [2] Responsiveness - Remaining: 4824
2024-09-23T03:54:53.010Z [2] Responsiveness - Reset At: 2024-09-23T04:38:58Z
2024-09-23T03:54:53.011Z [1] Responsiveness - Most recent commit: 289 days ago
2024-09-23T03:54:53.012Z [1] Responsiveness - Avg commit period: 30 days
2024-09-23T03:54:53.012Z [2] Responsiveness - Recency scaled: 0.7456059204440333
2024-09-23T03:54:53.013Z [2] Responsiveness - Frequency scaled: 0.8230190861769809
2024-09-23T03:54:53.014Z [1] Responsiveness: 0.792 (Latency: 0.304s)
2024-09-23T03:54:53.264Z [2] RampUpTime - Rate Limit: 5000
2024-09-23T03:54:53.265Z [2] RampUpTime - Cost: 1
2024-09-23T03:54:53.266Z [2] RampUpTime - Remaining: 4823
2024-09-23T03:54:53.266Z [2] RampUpTime - Reset At: 2024-09-23T04:38:58Z
2024-09-23T03:54:53.267Z [1] RampUpTime - Files: 40
2024-09-23T03:54:53.268Z [1] RampUpTime - Average file size: 5KB
2024-09-23T03:54:53.268Z [2] RampUpTime - Files scaled (0-1): 0.8813559322033898
2024-09-23T03:54:53.269Z [2] RampUpTime - Average file size scaled (0-1): 1
2024-09-23T03:54:53.269Z [1] RampUpTime: 0.941 (Latency: 0.255s)
2024-09-23T03:54:53.561Z [2] BusFactor - Rate Limit: 5000
2024-09-23T03:54:53.561Z [2] BusFactor - Cost: 1
2024-09-23T03:54:53.562Z [2] BusFactor - Remaining: 4822
2024-09-23T03:54:53.563Z [2] BusFactor - Reset At: 2024-09-23T04:38:58Z
2024-09-23T03:54:53.563Z [1] BusFactor - Authors: 11
2024-09-23T03:54:53.564Z [1] BusFactor: 1 (Latency: 0.294s)
2024-09-23T03:54:54.204Z [1] License - Reading license from README.md
2024-09-23T03:54:54.205Z [2] License - Extracting license from README.md
2024-09-23T03:54:54.206Z [1] License: 0 (Latency: 0.002s)
2024-09-23T03:54:54.209Z [2] Correctness - First commit: 2023-12-09T10:33:14.000Z
2024-09-23T03:54:54.210Z [2] Correctness -Last commit: 2023-12-09T10:33:14.000Z
2024-09-23T03:54:54.210Z [2] Correctness - Repository age: 1 days
2024-09-23T03:54:54.211Z [2] Correctness - Commits per day: 1
2024-09-23T03:54:54.212Z [1] Correctness: 0.2 (Latency: 0.006s)
2024-09-23T03:54:54.242Z [1] RampUpTime Weight: 0.15
2024-09-23T03:54:54.243Z [1] Correctness Weight: 0.2
2024-09-23T03:54:54.243Z [1] BusFactor Weight: 0.3
2024-09-23T03:54:54.244Z [1] Responsiveness Weight: 0.15
2024-09-23T03:54:54.245Z [1] License Weight: 0.2
2024-09-23T03:54:54.245Z [1] NetScore: 0.6 (Latency: 1.535s)
2024-09-23T03:54:54.419Z [2] Input URL: https://github.com/lodash/lodash
2024-09-23T03:54:54.420Z [2] URL Location: Run
2024-09-23T03:54:54.421Z [1] Analyzing repository: lodash/lodash
2024-09-23T03:54:54.694Z [2] Responsiveness - Rate Limit: 5000
2024-09-23T03:54:54.695Z [2] Responsiveness - Cost: 1
2024-09-23T03:54:54.696Z [2] Responsiveness - Remaining: 4821
2024-09-23T03:54:54.696Z [2] Responsiveness - Reset At: 2024-09-23T04:38:58Z
2024-09-23T03:54:54.697Z [1] Responsiveness - Most recent commit: 75 days ago
2024-09-23T03:54:54.698Z [1] Responsiveness - Avg commit period: 80 days
2024-09-23T03:54:54.699Z [2] Responsiveness - Recency scaled: 0.9435707678075855
2024-09-23T03:54:54.699Z [2] Responsiveness - Frequency scaled: 0.27125506072874495
2024-09-23T03:54:54.700Z [1] Responsiveness: 0.54 (Latency: 0.278s)
2024-09-23T03:54:56.002Z [2] RampUpTime - Rate Limit: 5000
2024-09-23T03:54:56.003Z [2] RampUpTime - Cost: 1
2024-09-23T03:54:56.004Z [2] RampUpTime - Remaining: 4820
2024-09-23T03:54:56.004Z [2] RampUpTime - Reset At: 2024-09-23T04:38:58Z
2024-09-23T03:54:56.005Z [1] RampUpTime - Files: 709
2024-09-23T03:54:56.006Z [1] RampUpTime - Average file size: 2KB
2024-09-23T03:54:56.007Z [2] RampUpTime - Files scaled (0-1): 0
2024-09-23T03:54:56.008Z [2] RampUpTime - Average file size scaled (0-1): 1
2024-09-23T03:54:56.008Z [1] RampUpTime: 0.5 (Latency: 1.307s)
2024-09-23T03:54:56.364Z [2] BusFactor - Rate Limit: 5000
2024-09-23T03:54:56.365Z [2] BusFactor - Cost: 1
2024-09-23T03:54:56.365Z [2] BusFactor - Remaining: 4819
2024-09-23T03:54:56.366Z [2] BusFactor - Reset At: 2024-09-23T04:38:58Z
2024-09-23T03:54:56.367Z [1] BusFactor - Authors: 23
2024-09-23T03:54:56.367Z [1] BusFactor: 1 (Latency: 0.358s)
2024-09-23T03:54:57.567Z [1] License - Reading license from LICENSE file
2024-09-23T03:54:57.568Z [2] License - License is compatible with LGPLv2.1
2024-09-23T03:54:57.568Z [1] License: 1 (Latency: 0.002s)
2024-09-23T03:54:57.574Z [2] Correctness - First commit: 2024-07-10T20:56:03.000Z
2024-09-23T03:54:57.574Z [2] Correctness -Last commit: 2024-07-10T20:56:03.000Z
2024-09-23T03:54:57.575Z [2] Correctness - Repository age: 1 days
2024-09-23T03:54:57.576Z [2] Correctness - Commits per day: 1
2024-09-23T03:54:57.576Z [1] Correctness: 0.2 (Latency: 0.007s)
2024-09-23T03:54:57.777Z [1] RampUpTime Weight: 0.15
2024-09-23T03:54:57.778Z [1] Correctness Weight: 0.2
2024-09-23T03:54:57.779Z [1] BusFactor Weight: 0.3
2024-09-23T03:54:57.779Z [1] Responsiveness Weight: 0.15
2024-09-23T03:54:57.780Z [1] License Weight: 0.2
2024-09-23T03:54:57.781Z [1] NetScore: 0.696 (Latency: 3.359s)
2024-09-23T03:54:57.966Z [2] Input URL: https://www.npmjs.com/package/browserify
2024-09-23T03:54:57.967Z [2] URL Location: npm
2024-09-23T03:54:57.968Z [2] parseNpmLink return: browserify
2024-09-23T03:54:58.068Z [2] getGitHubFromNpmAxios return: ssh://git@github.com/browserify/browserify.git
2024-09-23T03:54:58.069Z [1] Analyzing repository: browserify/browserify
2024-09-23T03:54:58.272Z [2] Responsiveness - Rate Limit: 5000
2024-09-23T03:54:58.272Z [2] Responsiveness - Cost: 1
2024-09-23T03:54:58.273Z [2] Responsiveness - Remaining: 4818
2024-09-23T03:54:58.274Z [2] Responsiveness - Reset At: 2024-09-23T04:38:58Z
2024-09-23T03:54:58.275Z [1] Responsiveness - Most recent commit: 338 days ago
2024-09-23T03:54:58.275Z [1] Responsiveness - Avg commit period: 68 days
2024-09-23T03:54:58.276Z [2] Responsiveness - Recency scaled: 0.700277520814061
2024-09-23T03:54:58.276Z [2] Responsiveness - Frequency scaled: 0.40370156159629855
2024-09-23T03:54:58.277Z [1] Responsiveness: 0.522 (Latency: 0.208s)
2024-09-23T03:54:59.136Z [2] RampUpTime - Rate Limit: 5000
2024-09-23T03:54:59.137Z [2] RampUpTime - Cost: 1
2024-09-23T03:54:59.138Z [2] RampUpTime - Remaining: 4817
2024-09-23T03:54:59.138Z [2] RampUpTime - Reset At: 2024-09-23T04:38:58Z
2024-09-23T03:54:59.139Z [1] RampUpTime - Files: 333
2024-09-23T03:54:59.140Z [1] RampUpTime - Average file size: 1KB
2024-09-23T03:54:59.140Z [2] RampUpTime - Files scaled (0-1): 0
2024-09-23T03:54:59.141Z [2] RampUpTime - Average file size scaled (0-1): 1
2024-09-23T03:54:59.141Z [1] RampUpTime: 0.5 (Latency: 0.863s)
2024-09-23T03:54:59.393Z [2] BusFactor - Rate Limit: 5000
2024-09-23T03:54:59.394Z [2] BusFactor - Cost: 1
2024-09-23T03:54:59.394Z [2] BusFactor - Remaining: 4816
2024-09-23T03:54:59.395Z [2] BusFactor - Reset At: 2024-09-23T04:38:58Z
2024-09-23T03:54:59.395Z [1] BusFactor - Authors: 7
2024-09-23T03:54:59.396Z [1] BusFactor: 1 (Latency: 0.254s)
2024-09-23T03:55:01.876Z [1] License - Reading license from LICENSE file
2024-09-23T03:55:01.877Z [2] License - License is compatible with LGPLv2.1
2024-09-23T03:55:01.878Z [1] License: 1 (Latency: 0.002s)
2024-09-23T03:55:01.883Z [2] Correctness - First commit: 2023-10-21T07:13:09.000Z
2024-09-23T03:55:01.883Z [2] Correctness -Last commit: 2023-10-21T07:13:09.000Z
2024-09-23T03:55:01.884Z [2] Correctness - Repository age: 1 days
2024-09-23T03:55:01.884Z [2] Correctness - Commits per day: 1
2024-09-23T03:55:01.885Z [1] Correctness: 0.2 (Latency: 0.007s)
2024-09-23T03:55:02.175Z [1] RampUpTime Weight: 0.15
2024-09-23T03:55:02.175Z [1] Correctness Weight: 0.2
2024-09-23T03:55:02.176Z [1] BusFactor Weight: 0.3
2024-09-23T03:55:02.177Z [1] Responsiveness Weight: 0.15
2024-09-23T03:55:02.177Z [1] License Weight: 0.2
2024-09-23T03:55:02.178Z [1] NetScore: 0.693 (Latency: 4.109s)
